#
# A fatal error has been detected by the Java Runtime Environment:
#
#  EXCEPTION_ACCESS_VIOLATION (0xc0000005) at pc=0x00007ffa1384e999, pid=22960, tid=7680
#
# JRE version: OpenJDK Runtime Environment (17.0.8) (build 17.0.8+0--10799086)
# Java VM: OpenJDK 64-Bit Server VM (17.0.8+0--10799086, mixed mode, tiered, compressed oops, compressed class ptrs, g1 gc, windows-amd64)
# Problematic frame:
# V  [jvm.dll+0x30e999]
#
# No core dump will be written. Minidumps are not enabled by default on client versions of Windows
#
# If you would like to submit a bug report, please visit:
#   https://bugreport.java.com/bugreport/crash.jsp
#

---------------  S U M M A R Y ------------

Command Line: --add-opens=java.base/java.util=ALL-UNNAMED --add-opens=java.base/java.lang=ALL-UNNAMED --add-opens=java.base/java.lang.invoke=ALL-UNNAMED --add-opens=java.prefs/java.util.prefs=ALL-UNNAMED --add-opens=java.base/java.nio.charset=ALL-UNNAMED --add-opens=java.base/java.net=ALL-UNNAMED --add-opens=java.base/java.util.concurrent.atomic=ALL-UNNAMED -Xmx2048m -Dfile.encoding=UTF-8 -Duser.country=CN -Duser.language=zh -Duser.variant -javaagent:E:\.gradle\wrapper\dists\gradle-8.4-rc-2-bin\eqe2ioh91z6c4g7kag8wggi2u\gradle-8.4-rc-2\lib\agents\gradle-instrumentation-agent-8.4.jar org.gradle.launcher.daemon.bootstrap.GradleDaemon 8.4-rc-2

Host: AMD Ryzen 5 5600X 6-Core Processor             , 12 cores, 31G,  Windows 10 , 64 bit Build 19041 (10.0.19041.3570)
Time: Wed Nov  8 08:12:09 2023  Windows 10 , 64 bit Build 19041 (10.0.19041.3570) elapsed time: 3.447358 seconds (0d 0h 0m 3s)

---------------  T H R E A D  ---------------

Current thread (0x00000228a6f29770):  GCTaskThread "GC Thread#1" [stack: 0x000000918cb00000,0x000000918cc00000] [id=7680]

Stack: [0x000000918cb00000,0x000000918cc00000],  sp=0x000000918cbff930,  free space=1022k
Native frames: (J=compiled Java code, j=interpreted, Vv=VM code, C=native code)
V  [jvm.dll+0x30e999]
V  [jvm.dll+0x2e0fcf]
V  [jvm.dll+0x2e18ca]
V  [jvm.dll+0x2e19c7]
V  [jvm.dll+0x2e6feb]
V  [jvm.dll+0x871feb]
V  [jvm.dll+0x872036]
V  [jvm.dll+0x7f415a]
V  [jvm.dll+0x684115]
C  [ucrtbase.dll+0x21bb2]
C  [KERNEL32.DLL+0x17344]
C  [ntdll.dll+0x526b1]


siginfo: EXCEPTION_ACCESS_VIOLATION (0xc0000005), reading address 0x0000000000004000


Register to memory mapping:

RIP=0x00007ffa1384e999 jvm.dll
RAX=0x0 is NULL
RBX=0x000000008419c231 is pointing into object: [Ljava.util.concurrent.ConcurrentHashMap$Node; 
{0x000000008418ca20} - klass: 'java/util/concurrent/ConcurrentHashMap$Node'[]
 - length: 16384
RCX=0x0000000000000014 is an unknown value
RDX=0x0 is NULL
RSP=0x000000918cbff930 points into unknown readable memory: 0x0000000083da0000 | 00 00 da 83 00 00 00 00
RBP=0x0000000000000f52 is an unknown value
RSI=0x000000008419c230 is pointing into object: [Ljava.util.concurrent.ConcurrentHashMap$Node; 
{0x000000008418ca20} - klass: 'java/util/concurrent/ConcurrentHashMap$Node'[]
 - length: 16384
RDI=0x00000228a6c05bf0 points into unknown readable memory: 0x00007ffa13ea9aa8 | a8 9a ea 13 fa 7f 00 00
R8 =0x00000000840505d0 is an oop: java.util.concurrent.ConcurrentHashMap$Node 
{0x00000000840505d0} - klass: 'java/util/concurrent/ConcurrentHashMap$Node'
 - ---- fields (total size 4 words):
 - final 'hash' 'I' @12  2042838537 (79c33e09)
 - final 'key' 'Ljava/lang/Object;' @16  "org.gradle.tooling.internal.provider.action.BuildActionSerializer$ValueSerializer"{0x0000000080dd0a18} (80dd0a18)
 - volatile 'val' 'Ljava/lang/Object;' @20  a 'java/lang/Object'{0x0000000080dd0a98} (80dd0a98)
 - volatile 'next' 'Ljava/util/concurrent/ConcurrentHashMap$Node;' @24  NULL (0)
R9 =0x0000000080dd0a18 is an oop: java.lang.String 
{0x0000000080dd0a18} - klass: 'java/lang/String'
 - string: "org.gradle.tooling.internal.provider.action.BuildActionSerializer$ValueSerializer"
R10=0x0000000000004000 is an unknown value
R11=0x0000000000000001 is an unknown value
R12=0x00000228a1a513a8 points into unknown readable memory: 0x88000e00a5ccb197 | 97 b1 cc a5 00 0e 00 88
R13=0x000000918cbffa60 points into unknown readable memory: 0x00007ffa13ea3240 | 40 32 ea 13 fa 7f 00 00
R14=0x0 is NULL
R15=0x0 is NULL


Registers:
RAX=0x0000000000000000, RBX=0x000000008419c231, RCX=0x0000000000000014, RDX=0x0000000000000000
RSP=0x000000918cbff930, RBP=0x0000000000000f52, RSI=0x000000008419c230, RDI=0x00000228a6c05bf0
R8 =0x00000000840505d0, R9 =0x0000000080dd0a18, R10=0x0000000000004000, R11=0x0000000000000001
R12=0x00000228a1a513a8, R13=0x000000918cbffa60, R14=0x0000000000000000, R15=0x0000000000000000
RIP=0x00007ffa1384e999, EFLAGS=0x0000000000010246

Top of Stack: (sp=0x000000918cbff930)
0x000000918cbff930:   0000000083da0000 0000000000000001
0x000000918cbff940:   0000000000000010 0000000000000009
0x000000918cbff950:   00000228a1a50fd0 00000228a6c05bf0
0x000000918cbff960:   000000918bcfe800 0000000000000013
0x000000918cbff970:   000000918cbff9e0 00007ffa13820fcf
0x000000918cbff980:   00000228a1a513a8 0000000000000000
0x000000918cbff990:   0000000000000065 00007ffa00000002
0x000000918cbff9a0:   000000000000000a 00007ffa13843267
0x000000918cbff9b0:   0000000000000000 0000000000000000
0x000000918cbff9c0:   000000918cbf0000 00007ffa13d426be
0x000000918cbff9d0:   0000000000000000 0000000000000000
0x000000918cbff9e0:   00000228a1a50fd0 00000228a62fb7a0
0x000000918cbff9f0:   00000000000003d8 00000228a1a513a8
0x000000918cbffa00:   000000918bcfe870 0000000000000013
0x000000918cbffa10:   0000000000000002 00007ffa138218ca
0x000000918cbffa20:   0000022886abeb20 00000228a6c05bf0 

Instructions: (pc=0x00007ffa1384e999)
0x00007ffa1384e899:   ff 48 8d 53 fe 48 8b cf e8 6a f4 ff ff e9 35 fd
0x00007ffa1384e8a9:   ff ff 0f 1f 44 00 00 48 8b 77 10 8b ae 80 00 00
0x00007ffa1384e8b9:   00 8b cd 8b 86 00 01 00 00 2b c8 81 e1 ff ff 01
0x00007ffa1384e8c9:   00 41 3b ce 0f 86 e9 02 00 00 ff cd 81 e5 ff ff
0x00007ffa1384e8d9:   01 00 89 ae 80 00 00 00 e8 8a 78 36 00 90 8b d5
0x00007ffa1384e8e9:   8b 86 00 01 00 00 8b cd 48 8b 9e 80 01 00 00 2b
0x00007ffa1384e8f9:   c8 81 e1 ff ff 01 00 81 f9 ff ff 01 00 48 8b 1c
0x00007ffa1384e909:   eb 41 0f 44 cf 85 c9 75 3d 90 89 6c 24 50 48 8b
0x00007ffa1384e919:   86 00 01 00 00 48 8b c8 48 c1 e9 20 ff c1 89 4c
0x00007ffa1384e929:   24 54 3b e8 0f 85 77 02 00 00 48 c1 e1 20 48 0b
0x00007ffa1384e939:   ca f0 48 0f b1 8e 00 01 00 00 0f 85 61 02 00 00
0x00007ffa1384e949:   8b 86 00 01 00 00 f6 c3 01 0f 84 2f 01 00 00 8b
0x00007ffa1384e959:   0d 9a 99 81 00 48 8d 73 ff 48 8b 47 08 44 8b 16
0x00007ffa1384e969:   49 d3 e2 4c 03 15 7d 99 81 00 8b 88 90 05 00 00
0x00007ffa1384e979:   49 8b d2 48 8b 80 80 05 00 00 48 d3 ea 0f b7 14
0x00007ffa1384e989:   50 0f b7 c2 66 c1 e8 08 84 c0 0f 88 17 ff ff ff
0x00007ffa1384e999:   4d 8b 02 41 0f b6 c0 24 03 3c 03 75 1e 44 38 3d
0x00007ffa1384e9a9:   72 61 88 00 74 0f 41 0f b6 c0 24 07 3c 05 75 05
0x00007ffa1384e9b9:   4d 8b c7 eb 17 49 83 e0 fc eb 11 4d 8b c8 48 8b
0x00007ffa1384e9c9:   cf 4d 8b c2 e8 2e ef ff ff 4c 8b c0 8b 0d 1d 99
0x00007ffa1384e9d9:   81 00 49 8b d0 48 2b 15 0b 99 81 00 48 d3 ea 89
0x00007ffa1384e9e9:   16 49 8b d0 8b 0d 9d 69 88 00 48 33 d6 48 d3 ea
0x00007ffa1384e9f9:   48 85 d2 0f 84 ae fe ff ff 48 8b 47 08 48 8b d6
0x00007ffa1384ea09:   8b 88 c0 01 00 00 48 8b 80 b0 01 00 00 48 d3 ea
0x00007ffa1384ea19:   48 8b 0c d0 8b 81 98 00 00 00 d1 e8 a8 01 0f 85
0x00007ffa1384ea29:   83 fe ff ff 48 8b 47 08 8b 88 90 05 00 00 48 8b
0x00007ffa1384ea39:   80 80 05 00 00 49 d3 e8 46 38 3c 40 0f 84 65 fe
0x00007ffa1384ea49:   ff ff 48 8b 47 60 48 c1 ee 09 48 8b 58 40 48 8b
0x00007ffa1384ea59:   48 38 48 03 de 48 2b d9 48 39 9f b0 01 00 00 0f
0x00007ffa1384ea69:   84 42 fe ff ff 48 8d 14 0b 48 8d 4f 18 e8 a5 40
0x00007ffa1384ea79:   00 00 48 89 9f b0 01 00 00 e9 29 fe ff ff f6 c3
0x00007ffa1384ea89:   03 0f 85 09 01 00 00 48 8b 47 08 4c 8b 13 49 8b 


Stack slot to memory mapping:
stack at sp + 0 slots: 0x0000000083da0000 is pointing into object: org.codehaus.groovy.runtime.metaclass.MetaMethodIndex$Entry 
{0x0000000083d9ffe8} - klass: 'org/codehaus/groovy/runtime/metaclass/MetaMethodIndex$Entry'
 - ---- fields (total size 7 words):
 - public 'hash' 'I' @12  -836099150 (ce2a23b2)
 - public 'nextHashEntry' 'Lorg/codehaus/groovy/runtime/metaclass/MetaMethodIndex$Entry;' @16  a 'org/codehaus/groovy/runtime/metaclass/MetaMethodIndex$Entry'{0x0000000083d81dd8} (83d81dd8)
 - public 'nextClassEntry' 'Lorg/codehaus/groovy/runtime/metaclass/MetaMethodIndex$Entry;' @20  a 'org/codehaus/groovy/runtime/metaclass/MetaMethodIndex$Entry'{0x0000000083da0020} (83da0020)
 - public 'name' 'Ljava/lang/String;' @24  "set"{0x000000008062ca38} (8062ca38)
 - public 'cls' 'Ljava/lang/Class;' @28  a 'java/lang/Class'{0x0000000083d7f1f0} = 'groovy/lang/Reference' (83d7f1f0)
 - public 'methods' 'Ljava/lang/Object;' @32  a 'org/codehaus/groovy/reflection/CachedMethod'{0x0000000083d80418} (83d80418)
 - public 'methodsForSuper' 'Ljava/lang/Object;' @36  a 'org/codehaus/groovy/reflection/CachedMethod'{0x0000000083d80418} (83d80418)
 - public 'staticMethods' 'Ljava/lang/Object;' @40  NULL (0)
 - public 'cachedMethod' 'Lorg/codehaus/groovy/runtime/metaclass/MetaMethodIndex$CacheEntry;' @44  NULL (0)
 - public 'cachedMethodForSuper' 'Lorg/codehaus/groovy/runtime/metaclass/MetaMethodIndex$CacheEntry;' @48  NULL (0)
 - public 'cachedStaticMethod' 'Lorg/codehaus/groovy/runtime/metaclass/MetaMethodIndex$CacheEntry;' @52  NULL (0)
stack at sp + 1 slots: 0x0000000000000001 is an unknown value
stack at sp + 2 slots: 0x0000000000000010 is an unknown value
stack at sp + 3 slots: 0x0000000000000009 is an unknown value
stack at sp + 4 slots: 0x00000228a1a50fd0 points into unknown readable memory: 0x65646f632e67726f | 6f 72 67 2e 63 6f 64 65
stack at sp + 5 slots: 0x00000228a6c05bf0 points into unknown readable memory: 0x00007ffa13ea9aa8 | a8 9a ea 13 fa 7f 00 00
stack at sp + 6 slots: 0x000000918bcfe800 points into unknown readable memory: 0x0000000000000000 | 00 00 00 00 00 00 00 00
stack at sp + 7 slots: 0x0000000000000013 is an unknown value


---------------  P R O C E S S  ---------------

Threads class SMR info:
_java_thread_list=0x00000228a95509a0, length=47, elements={
0x0000022886aad420, 0x00000228a1856830, 0x00000228a197e010, 0x00000228a19c6270,
0x00000228a19c6b40, 0x00000228a19fa650, 0x00000228a19fb530, 0x00000228a1a00140,
0x00000228a1a0bf60, 0x00000228a1a0f4c0, 0x00000228a1b643f0, 0x00000228a1c41d10,
0x00000228a7f00010, 0x00000228a611b3e0, 0x00000228a6238b10, 0x00000228a7d87160,
0x00000228a7bde570, 0x00000228a83a1db0, 0x00000228a7873eb0, 0x00000228a7875bb0,
0x00000228a6c296b0, 0x00000228a88a7920, 0x00000228a61f0b80, 0x00000228a752de00,
0x00000228a89e8b30, 0x00000228a951a900, 0x00000228a61f10d0, 0x00000228a91697e0,
0x00000228a92cdfe0, 0x00000228a7977d60, 0x00000228a7978780, 0x00000228a7976e30,
0x00000228a7977340, 0x00000228a8f28470, 0x00000228a8f29dc0, 0x00000228a8f2a2d0,
0x00000228a8f2b200, 0x00000228a8f26100, 0x00000228a8f2a7e0, 0x00000228a8f27540,
0x00000228a8f256e0, 0x00000228a8f23d90, 0x00000228a8f2acf0, 0x00000228a8f2b710,
0x00000228a8f242a0, 0x00000228a8f247b0, 0x00000228a8f24cc0
}

Java Threads: ( => current thread )
  0x0000022886aad420 JavaThread "main" [_thread_blocked, id=11136, stack(0x000000918b600000,0x000000918b700000)]
  0x00000228a1856830 JavaThread "Reference Handler" daemon [_thread_blocked, id=18688, stack(0x000000918bd00000,0x000000918be00000)]
  0x00000228a197e010 JavaThread "Finalizer" daemon [_thread_blocked, id=19788, stack(0x000000918be00000,0x000000918bf00000)]
  0x00000228a19c6270 JavaThread "Signal Dispatcher" daemon [_thread_blocked, id=23352, stack(0x000000918bf00000,0x000000918c000000)]
  0x00000228a19c6b40 JavaThread "Attach Listener" daemon [_thread_blocked, id=17728, stack(0x000000918c000000,0x000000918c100000)]
  0x00000228a19fa650 JavaThread "Service Thread" daemon [_thread_blocked, id=4964, stack(0x000000918c100000,0x000000918c200000)]
  0x00000228a19fb530 JavaThread "Monitor Deflation Thread" daemon [_thread_blocked, id=12924, stack(0x000000918c200000,0x000000918c300000)]
  0x00000228a1a00140 JavaThread "C2 CompilerThread0" daemon [_thread_blocked, id=7696, stack(0x000000918c300000,0x000000918c400000)]
  0x00000228a1a0bf60 JavaThread "C1 CompilerThread0" daemon [_thread_blocked, id=3680, stack(0x000000918c400000,0x000000918c500000)]
  0x00000228a1a0f4c0 JavaThread "Sweeper thread" daemon [_thread_blocked, id=18980, stack(0x000000918c500000,0x000000918c600000)]
  0x00000228a1b643f0 JavaThread "Common-Cleaner" daemon [_thread_blocked, id=22752, stack(0x000000918c600000,0x000000918c700000)]
  0x00000228a1c41d10 JavaThread "Notification Thread" daemon [_thread_blocked, id=19824, stack(0x000000918c700000,0x000000918c800000)]
  0x00000228a7f00010 JavaThread "Daemon health stats" [_thread_blocked, id=16592, stack(0x000000918d400000,0x000000918d500000)]
  0x00000228a611b3e0 JavaThread "Incoming local TCP Connector on port 51792" [_thread_in_native, id=21056, stack(0x000000918c900000,0x000000918ca00000)]
  0x00000228a6238b10 JavaThread "Daemon periodic checks" [_thread_blocked, id=21132, stack(0x000000918ca00000,0x000000918cb00000)]
  0x00000228a7d87160 JavaThread "Daemon" [_thread_blocked, id=20084, stack(0x000000918d500000,0x000000918d600000)]
  0x00000228a7bde570 JavaThread "Handler for socket connection from /127.0.0.1:51792 to /127.0.0.1:51793" [_thread_in_native, id=22664, stack(0x000000918d600000,0x000000918d700000)]
  0x00000228a83a1db0 JavaThread "Cancel handler" [_thread_blocked, id=8328, stack(0x000000918d700000,0x000000918d800000)]
  0x00000228a7873eb0 JavaThread "Daemon worker" [_thread_blocked, id=10152, stack(0x000000918d800000,0x000000918d900000)]
  0x00000228a7875bb0 JavaThread "Asynchronous log dispatcher for DefaultDaemonConnection: socket connection from /127.0.0.1:51792 to /127.0.0.1:51793" [_thread_blocked, id=18396, stack(0x000000918d900000,0x000000918da00000)]
  0x00000228a6c296b0 JavaThread "Stdin handler" [_thread_blocked, id=19624, stack(0x000000918da00000,0x000000918db00000)]
  0x00000228a88a7920 JavaThread "Daemon client event forwarder" [_thread_blocked, id=18964, stack(0x000000918db00000,0x000000918dc00000)]
  0x00000228a61f0b80 JavaThread "C2 CompilerThread1" daemon [_thread_blocked, id=23136, stack(0x000000918de00000,0x000000918df00000)]
  0x00000228a752de00 JavaThread "Cache worker for journal cache (E:\.gradle\caches\journal-1)" [_thread_blocked, id=21620, stack(0x000000918df00000,0x000000918e000000)]
  0x00000228a89e8b30 JavaThread "File lock request listener" [_thread_in_native, id=8472, stack(0x000000918e000000,0x000000918e100000)]
  0x00000228a951a900 JavaThread "Cache worker for file hash cache (E:\.gradle\caches\8.4-rc-2\fileHashes)" [_thread_blocked, id=20204, stack(0x000000918e100000,0x000000918e200000)]
  0x00000228a61f10d0 JavaThread "C2 CompilerThread2" daemon [_thread_blocked, id=15208, stack(0x000000918e200000,0x000000918e300000)]
  0x00000228a91697e0 JavaThread "File watcher server" daemon [_thread_in_native, id=22700, stack(0x000000918e300000,0x000000918e400000)]
  0x00000228a92cdfe0 JavaThread "File watcher consumer" daemon [_thread_blocked, id=19164, stack(0x000000918e400000,0x000000918e500000)]
  0x00000228a7977d60 JavaThread "jar transforms" [_thread_blocked, id=21144, stack(0x000000918e500000,0x000000918e600000)]
  0x00000228a7978780 JavaThread "jar transforms Thread 2" [_thread_blocked, id=240, stack(0x000000918e600000,0x000000918e700000)]
  0x00000228a7976e30 JavaThread "jar transforms Thread 3" [_thread_blocked, id=17676, stack(0x000000918e700000,0x000000918e800000)]
  0x00000228a7977340 JavaThread "jar transforms Thread 4" [_thread_blocked, id=20856, stack(0x000000918e800000,0x000000918e900000)]
  0x00000228a8f28470 JavaThread "jar transforms Thread 5" [_thread_blocked, id=2300, stack(0x000000918e900000,0x000000918ea00000)]
  0x00000228a8f29dc0 JavaThread "jar transforms Thread 6" [_thread_blocked, id=9828, stack(0x000000918ea00000,0x000000918eb00000)]
  0x00000228a8f2a2d0 JavaThread "jar transforms Thread 7" [_thread_blocked, id=12644, stack(0x000000918eb00000,0x000000918ec00000)]
  0x00000228a8f2b200 JavaThread "jar transforms Thread 8" [_thread_blocked, id=16416, stack(0x000000918ec00000,0x000000918ed00000)]
  0x00000228a8f26100 JavaThread "jar transforms Thread 9" [_thread_blocked, id=17952, stack(0x000000918ed00000,0x000000918ee00000)]
  0x00000228a8f2a7e0 JavaThread "jar transforms Thread 10" [_thread_blocked, id=18044, stack(0x000000918ee00000,0x000000918ef00000)]
  0x00000228a8f27540 JavaThread "jar transforms Thread 11" [_thread_blocked, id=8372, stack(0x000000918ef00000,0x000000918f000000)]
  0x00000228a8f256e0 JavaThread "jar transforms Thread 12" [_thread_blocked, id=23196, stack(0x000000918f000000,0x000000918f100000)]
  0x00000228a8f23d90 JavaThread "Cache worker for checksums cache (D:\WorkSpace\TwoStepVerification\.gradle\8.4-rc-2\checksums)" [_thread_blocked, id=3788, stack(0x000000918f100000,0x000000918f200000)]
  0x00000228a8f2acf0 JavaThread "Cache worker for file hash cache (D:\WorkSpace\TwoStepVerification\.gradle\8.4-rc-2\fileHashes)" [_thread_blocked, id=19996, stack(0x000000918f200000,0x000000918f300000)]
  0x00000228a8f2b710 JavaThread "Cache worker for cache directory md-supplier (E:\.gradle\caches\8.4-rc-2\md-supplier)" [_thread_blocked, id=22216, stack(0x000000918f300000,0x000000918f400000)]
  0x00000228a8f242a0 JavaThread "Cache worker for file content cache (E:\.gradle\caches\8.4-rc-2\fileContent)" [_thread_blocked, id=21584, stack(0x000000918f400000,0x000000918f500000)]
  0x00000228a8f247b0 JavaThread "Cache worker for cache directory md-rule (E:\.gradle\caches\8.4-rc-2\md-rule)" [_thread_blocked, id=22440, stack(0x000000918f500000,0x000000918f600000)]
  0x00000228a8f24cc0 JavaThread "Cache worker for execution history cache (E:\.gradle\caches\8.4-rc-2\executionHistory)" [_thread_blocked, id=9524, stack(0x000000918f600000,0x000000918f700000)]

Other Threads:
  0x00000228a186d8e0 VMThread "VM Thread" [stack: 0x000000918bc00000,0x000000918bd00000] [id=308]
  0x0000022886b26310 WatcherThread [stack: 0x000000918c800000,0x000000918c900000] [id=23544]
  0x0000022886b08a00 GCTaskThread "GC Thread#0" [stack: 0x000000918b700000,0x000000918b800000] [id=22520]
=>0x00000228a6f29770 GCTaskThread "GC Thread#1" [stack: 0x000000918cb00000,0x000000918cc00000] [id=7680]
  0x00000228a6f29a30 GCTaskThread "GC Thread#2" [stack: 0x000000918cc00000,0x000000918cd00000] [id=17976]
  0x00000228a6cc3220 GCTaskThread "GC Thread#3" [stack: 0x000000918cd00000,0x000000918ce00000] [id=21948]
  0x00000228a70262d0 GCTaskThread "GC Thread#4" [stack: 0x000000918ce00000,0x000000918cf00000] [id=19588]
  0x00000228a7026590 GCTaskThread "GC Thread#5" [stack: 0x000000918cf00000,0x000000918d000000] [id=11688]
  0x00000228a6c32840 GCTaskThread "GC Thread#6" [stack: 0x000000918d000000,0x000000918d100000] [id=22432]
  0x00000228a6c32f10 GCTaskThread "GC Thread#7" [stack: 0x000000918d100000,0x000000918d200000] [id=15560]
  0x00000228a6c335d0 GCTaskThread "GC Thread#8" [stack: 0x000000918d200000,0x000000918d300000] [id=21136]
  0x00000228a7038ed0 GCTaskThread "GC Thread#9" [stack: 0x000000918d300000,0x000000918d400000] [id=11076]
  0x0000022886b19860 ConcurrentGCThread "G1 Main Marker" [stack: 0x000000918b800000,0x000000918b900000] [id=12932]
  0x0000022886b1bd00 ConcurrentGCThread "G1 Conc#0" [stack: 0x000000918b900000,0x000000918ba00000] [id=18376]
  0x00000228a7876090 ConcurrentGCThread "G1 Conc#1" [stack: 0x000000918dc00000,0x000000918dd00000] [id=12724]
  0x00000228a7fe9c20 ConcurrentGCThread "G1 Conc#2" [stack: 0x000000918dd00000,0x000000918de00000] [id=6820]
  0x00000228a17c9b90 ConcurrentGCThread "G1 Refine#0" [stack: 0x000000918ba00000,0x000000918bb00000] [id=9456]
  0x00000228a17ca270 ConcurrentGCThread "G1 Service" [stack: 0x000000918bb00000,0x000000918bc00000] [id=22424]

Threads with active compile tasks:
C2 CompilerThread0     3513 5075   !   4       java.net.URLClassLoader::findClass (47 bytes)
C2 CompilerThread1     3513 5113       4       java.net.URLClassLoader$1::run (5 bytes)
C2 CompilerThread2     3513 5370       4       java.lang.PublicMethods::merge (81 bytes)

VM state: at safepoint (normal execution)

VM Mutex/Monitor currently owned by a thread:  ([mutex/lock_event])
[0x0000022886aa8380] Threads_lock - owner thread: 0x00000228a186d8e0
[0x0000022886aa86e0] Heap_lock - owner thread: 0x00000228a7873eb0

Heap address: 0x0000000080000000, size: 2048 MB, Compressed Oops mode: 32-bit

CDS archive(s) not mapped
Compressed class space mapped at: 0x0000000100000000-0x0000000140000000, reserved size: 1073741824
Narrow klass base: 0x0000000000000000, Narrow klass shift: 3, Narrow klass range: 0x140000000

GC Precious Log:
 CPUs: 12 total, 12 available
 Memory: 32654M
 Large Page Support: Disabled
 NUMA Support: Disabled
 Compressed Oops: Enabled (32-bit)
 Heap Region Size: 1M
 Heap Min Capacity: 8M
 Heap Initial Capacity: 512M
 Heap Max Capacity: 2G
 Pre-touch: Disabled
 Parallel Workers: 10
 Concurrent Workers: 3
 Concurrent Refinement Workers: 10
 Periodic GC: Disabled

Heap:
 garbage-first heap   total 174080K, used 154081K [0x0000000080000000, 0x0000000100000000)
  region size 1024K, 109 young (111616K), 12 survivors (12288K)
 Metaspace       used 56683K, committed 57216K, reserved 1114112K
  class space    used 7532K, committed 7808K, reserved 1048576K

Heap Regions: E=young(eden), S=young(survivor), O=old, HS=humongous(starts), HC=humongous(continues), CS=collection set, F=free, OA=open archive, CA=closed archive, TAMS=top-at-mark-start (previous, next)
|   0|0x0000000080000000, 0x0000000080100000, 0x0000000080100000|100%|HS|  |TAMS 0x0000000080100000, 0x0000000080000000| Complete 
|   1|0x0000000080100000, 0x0000000080200000, 0x0000000080200000|100%|HC|  |TAMS 0x0000000080200000, 0x0000000080100000| Complete 
|   2|0x0000000080200000, 0x0000000080300000, 0x0000000080300000|100%|HC|  |TAMS 0x0000000080300000, 0x0000000080200000| Complete 
|   3|0x0000000080300000, 0x0000000080400000, 0x0000000080400000|100%|HC|  |TAMS 0x0000000080400000, 0x0000000080300000| Complete 
|   4|0x0000000080400000, 0x0000000080500000, 0x0000000080500000|100%| O|  |TAMS 0x0000000080500000, 0x0000000080400000| Untracked 
|   5|0x0000000080500000, 0x0000000080600000, 0x0000000080600000|100%| O|  |TAMS 0x0000000080600000, 0x0000000080500000| Untracked 
|   6|0x0000000080600000, 0x0000000080700000, 0x0000000080700000|100%| O|  |TAMS 0x0000000080700000, 0x0000000080600000| Untracked 
|   7|0x0000000080700000, 0x0000000080800000, 0x0000000080800000|100%| O|  |TAMS 0x0000000080800000, 0x0000000080700000| Untracked 
|   8|0x0000000080800000, 0x0000000080900000, 0x0000000080900000|100%| O|  |TAMS 0x0000000080900000, 0x0000000080800000| Untracked 
|   9|0x0000000080900000, 0x0000000080a00000, 0x0000000080a00000|100%| O|  |TAMS 0x0000000080a00000, 0x0000000080900000| Untracked 
|  10|0x0000000080a00000, 0x0000000080b00000, 0x0000000080b00000|100%| O|  |TAMS 0x0000000080b00000, 0x0000000080a00000| Complete 
|  11|0x0000000080b00000, 0x0000000080be5800, 0x0000000080c00000| 89%| O|  |TAMS 0x0000000080be5800, 0x0000000080b00000| Untracked 
|  12|0x0000000080c00000, 0x0000000080d00000, 0x0000000080d00000|100%| O|  |TAMS 0x0000000080d00000, 0x0000000080c00000| Untracked 
|  13|0x0000000080d00000, 0x0000000080e00000, 0x0000000080e00000|100%| O|  |TAMS 0x0000000080e00000, 0x0000000080d00000| Untracked 
|  14|0x0000000080e00000, 0x0000000080f00000, 0x0000000080f00000|100%| O|  |TAMS 0x0000000080f00000, 0x0000000080e00000| Untracked 
|  15|0x0000000080f00000, 0x0000000081000000, 0x0000000081000000|100%| O|  |TAMS 0x0000000081000000, 0x0000000080f00000| Untracked 
|  16|0x0000000081000000, 0x0000000081100000, 0x0000000081100000|100%| O|  |TAMS 0x0000000081100000, 0x0000000081000000| Untracked 
|  17|0x0000000081100000, 0x0000000081200000, 0x0000000081200000|100%| O|  |TAMS 0x0000000081200000, 0x0000000081100000| Untracked 
|  18|0x0000000081200000, 0x0000000081300000, 0x0000000081300000|100%| O|  |TAMS 0x0000000081300000, 0x0000000081200000| Untracked 
|  19|0x0000000081300000, 0x0000000081400000, 0x0000000081400000|100%|HS|  |TAMS 0x0000000081400000, 0x0000000081300000| Complete 
|  20|0x0000000081400000, 0x0000000081500000, 0x0000000081500000|100%|HC|  |TAMS 0x0000000081500000, 0x0000000081400000| Complete 
|  21|0x0000000081500000, 0x0000000081600000, 0x0000000081600000|100%|HS|  |TAMS 0x0000000081600000, 0x0000000081500000| Complete 
|  22|0x0000000081600000, 0x0000000081700000, 0x0000000081700000|100%|HC|  |TAMS 0x0000000081700000, 0x0000000081600000| Complete 
|  23|0x0000000081700000, 0x0000000081800000, 0x0000000081800000|100%|HC|  |TAMS 0x0000000081800000, 0x0000000081700000| Complete 
|  24|0x0000000081800000, 0x0000000081900000, 0x0000000081900000|100%|HS|  |TAMS 0x0000000081900000, 0x0000000081800000| Complete 
|  25|0x0000000081900000, 0x0000000081a00000, 0x0000000081a00000|100%|HC|  |TAMS 0x0000000081a00000, 0x0000000081900000| Complete 
|  26|0x0000000081a00000, 0x0000000081b00000, 0x0000000081b00000|100%|HC|  |TAMS 0x0000000081b00000, 0x0000000081a00000| Complete 
|  27|0x0000000081b00000, 0x0000000081c00000, 0x0000000081c00000|100%|HS|  |TAMS 0x0000000081c00000, 0x0000000081b00000| Complete 
|  28|0x0000000081c00000, 0x0000000081d00000, 0x0000000081d00000|100%|HC|  |TAMS 0x0000000081d00000, 0x0000000081c00000| Complete 
|  29|0x0000000081d00000, 0x0000000081e00000, 0x0000000081e00000|100%|HC|  |TAMS 0x0000000081e00000, 0x0000000081d00000| Complete 
|  30|0x0000000081e00000, 0x0000000081f00000, 0x0000000081f00000|100%| O|  |TAMS 0x0000000081f00000, 0x0000000081e00000| Untracked 
|  31|0x0000000081f00000, 0x0000000082000000, 0x0000000082000000|100%| O|  |TAMS 0x0000000082000000, 0x0000000081f00000| Untracked 
|  32|0x0000000082000000, 0x0000000082100000, 0x0000000082100000|100%| O|  |TAMS 0x0000000082100000, 0x0000000082000000| Untracked 
|  33|0x0000000082100000, 0x0000000082200000, 0x0000000082200000|100%| O|  |TAMS 0x0000000082200000, 0x0000000082100000| Untracked 
|  34|0x0000000082200000, 0x0000000082300000, 0x0000000082300000|100%| O|  |TAMS 0x0000000082300000, 0x0000000082200000| Untracked 
|  35|0x0000000082300000, 0x0000000082400000, 0x0000000082400000|100%| O|  |TAMS 0x0000000082400000, 0x0000000082300000| Untracked 
|  36|0x0000000082400000, 0x0000000082500000, 0x0000000082500000|100%| O|  |TAMS 0x0000000082500000, 0x0000000082400000| Untracked 
|  37|0x0000000082500000, 0x0000000082600000, 0x0000000082600000|100%| O|  |TAMS 0x0000000082600000, 0x0000000082500000| Untracked 
|  38|0x0000000082600000, 0x0000000082700000, 0x0000000082700000|100%| O|  |TAMS 0x0000000082700000, 0x0000000082600000| Untracked 
|  39|0x0000000082700000, 0x0000000082800000, 0x0000000082800000|100%| O|  |TAMS 0x0000000082800000, 0x0000000082700000| Untracked 
|  40|0x0000000082800000, 0x0000000082900000, 0x0000000082900000|100%| O|  |TAMS 0x0000000082900000, 0x0000000082800000| Untracked 
|  41|0x0000000082900000, 0x0000000082a00000, 0x0000000082a00000|100%| O|  |TAMS 0x0000000082a00000, 0x0000000082900000| Untracked 
|  42|0x0000000082a00000, 0x0000000082b00000, 0x0000000082b00000|100%| O|  |TAMS 0x0000000082b00000, 0x0000000082a00000| Untracked 
|  43|0x0000000082b00000, 0x0000000082c00000, 0x0000000082c00000|100%| O|  |TAMS 0x0000000082c00000, 0x0000000082b00000| Untracked 
|  44|0x0000000082c00000, 0x0000000082d00000, 0x0000000082d00000|100%|HS|  |TAMS 0x0000000082c00000, 0x0000000082c00000| Complete 
|  45|0x0000000082d00000, 0x0000000082e00000, 0x0000000082e00000|100%|HC|  |TAMS 0x0000000082d00000, 0x0000000082d00000| Complete 
|  46|0x0000000082e00000, 0x0000000082f00000, 0x0000000082f00000|100%|HC|  |TAMS 0x0000000082e00000, 0x0000000082e00000| Complete 
|  47|0x0000000082f00000, 0x0000000083000000, 0x0000000083000000|100%|HS|  |TAMS 0x0000000082f00000, 0x0000000082f00000| Complete 
|  48|0x0000000083000000, 0x0000000083100000, 0x0000000083100000|100%|HS|  |TAMS 0x0000000083000000, 0x0000000083000000| Complete 
|  49|0x0000000083100000, 0x00000000831f6e00, 0x0000000083200000| 96%| O|  |TAMS 0x00000000831f6e00, 0x0000000083100000| Untracked 
|  50|0x0000000083200000, 0x0000000083200000, 0x0000000083300000|  0%| F|  |TAMS 0x0000000083200000, 0x0000000083200000| Untracked 
|  51|0x0000000083300000, 0x0000000083300000, 0x0000000083400000|  0%| F|  |TAMS 0x0000000083300000, 0x0000000083300000| Untracked 
|  52|0x0000000083400000, 0x0000000083400000, 0x0000000083500000|  0%| F|  |TAMS 0x0000000083400000, 0x0000000083400000| Untracked 
|  53|0x0000000083500000, 0x0000000083500000, 0x0000000083600000|  0%| F|  |TAMS 0x0000000083500000, 0x0000000083500000| Untracked 
|  54|0x0000000083600000, 0x0000000083600000, 0x0000000083700000|  0%| F|  |TAMS 0x0000000083600000, 0x0000000083600000| Untracked 
|  55|0x0000000083700000, 0x0000000083700000, 0x0000000083800000|  0%| F|  |TAMS 0x0000000083700000, 0x0000000083700000| Untracked 
|  56|0x0000000083800000, 0x0000000083800000, 0x0000000083900000|  0%| F|  |TAMS 0x0000000083800000, 0x0000000083800000| Untracked 
|  57|0x0000000083900000, 0x00000000839453d0, 0x0000000083a00000| 27%| S|  |TAMS 0x0000000083900000, 0x0000000083900000| Complete 
|  58|0x0000000083a00000, 0x0000000083a9bfd0, 0x0000000083b00000| 60%| E|CS|TAMS 0x0000000083a00000, 0x0000000083a00000| Complete 
|  59|0x0000000083b00000, 0x0000000083c00000, 0x0000000083c00000|100%| E|CS|TAMS 0x0000000083b00000, 0x0000000083b00000| Complete 
|  60|0x0000000083c00000, 0x0000000083d00000, 0x0000000083d00000|100%| E|CS|TAMS 0x0000000083c00000, 0x0000000083c00000| Complete 
|  61|0x0000000083d00000, 0x0000000083e00000, 0x0000000083e00000|100%| E|CS|TAMS 0x0000000083d00000, 0x0000000083d00000| Complete 
|  62|0x0000000083e00000, 0x0000000083f00000, 0x0000000083f00000|100%| S|  |TAMS 0x0000000083e00000, 0x0000000083e00000| Complete 
|  63|0x0000000083f00000, 0x0000000084000000, 0x0000000084000000|100%| S|  |TAMS 0x0000000083f00000, 0x0000000083f00000| Complete 
|  64|0x0000000084000000, 0x0000000084100000, 0x0000000084100000|100%| S|  |TAMS 0x0000000084000000, 0x0000000084000000| Complete 
|  65|0x0000000084100000, 0x0000000084200000, 0x0000000084200000|100%| S|  |TAMS 0x0000000084100000, 0x0000000084100000| Complete 
|  66|0x0000000084200000, 0x0000000084300000, 0x0000000084300000|100%| S|  |TAMS 0x0000000084200000, 0x0000000084200000| Complete 
|  67|0x0000000084300000, 0x0000000084400000, 0x0000000084400000|100%| S|  |TAMS 0x0000000084300000, 0x0000000084300000| Complete 
|  68|0x0000000084400000, 0x0000000084500000, 0x0000000084500000|100%| S|  |TAMS 0x0000000084400000, 0x0000000084400000| Complete 
|  69|0x0000000084500000, 0x0000000084600000, 0x0000000084600000|100%| S|  |TAMS 0x0000000084500000, 0x0000000084500000| Complete 
|  70|0x0000000084600000, 0x0000000084700000, 0x0000000084700000|100%| S|  |TAMS 0x0000000084600000, 0x0000000084600000| Complete 
|  71|0x0000000084700000, 0x0000000084800000, 0x0000000084800000|100%| S|  |TAMS 0x0000000084700000, 0x0000000084700000| Complete 
|  72|0x0000000084800000, 0x0000000084900000, 0x0000000084900000|100%| S|  |TAMS 0x0000000084800000, 0x0000000084800000| Complete 
|  73|0x0000000084900000, 0x0000000084a00000, 0x0000000084a00000|100%| E|CS|TAMS 0x0000000084900000, 0x0000000084900000| Complete 
|  74|0x0000000084a00000, 0x0000000084b00000, 0x0000000084b00000|100%| E|CS|TAMS 0x0000000084a00000, 0x0000000084a00000| Complete 
|  75|0x0000000084b00000, 0x0000000084c00000, 0x0000000084c00000|100%| E|CS|TAMS 0x0000000084b00000, 0x0000000084b00000| Complete 
|  76|0x0000000084c00000, 0x0000000084d00000, 0x0000000084d00000|100%| E|CS|TAMS 0x0000000084c00000, 0x0000000084c00000| Complete 
|  77|0x0000000084d00000, 0x0000000084e00000, 0x0000000084e00000|100%| E|CS|TAMS 0x0000000084d00000, 0x0000000084d00000| Complete 
|  78|0x0000000084e00000, 0x0000000084f00000, 0x0000000084f00000|100%| E|CS|TAMS 0x0000000084e00000, 0x0000000084e00000| Complete 
|  79|0x0000000084f00000, 0x0000000085000000, 0x0000000085000000|100%| E|CS|TAMS 0x0000000084f00000, 0x0000000084f00000| Complete 
|  80|0x0000000085000000, 0x0000000085100000, 0x0000000085100000|100%| E|CS|TAMS 0x0000000085000000, 0x0000000085000000| Complete 
|  81|0x0000000085100000, 0x0000000085200000, 0x0000000085200000|100%| E|CS|TAMS 0x0000000085100000, 0x0000000085100000| Complete 
|  82|0x0000000085200000, 0x0000000085300000, 0x0000000085300000|100%| E|CS|TAMS 0x0000000085200000, 0x0000000085200000| Complete 
|  83|0x0000000085300000, 0x0000000085400000, 0x0000000085400000|100%| E|CS|TAMS 0x0000000085300000, 0x0000000085300000| Complete 
|  84|0x0000000085400000, 0x0000000085500000, 0x0000000085500000|100%| E|CS|TAMS 0x0000000085400000, 0x0000000085400000| Complete 
|  85|0x0000000085500000, 0x0000000085600000, 0x0000000085600000|100%| E|CS|TAMS 0x0000000085500000, 0x0000000085500000| Complete 
|  86|0x0000000085600000, 0x0000000085700000, 0x0000000085700000|100%| E|CS|TAMS 0x0000000085600000, 0x0000000085600000| Complete 
|  87|0x0000000085700000, 0x0000000085800000, 0x0000000085800000|100%| E|CS|TAMS 0x0000000085700000, 0x0000000085700000| Complete 
|  88|0x0000000085800000, 0x0000000085900000, 0x0000000085900000|100%| E|CS|TAMS 0x0000000085800000, 0x0000000085800000| Complete 
|  89|0x0000000085900000, 0x0000000085a00000, 0x0000000085a00000|100%| E|CS|TAMS 0x0000000085900000, 0x0000000085900000| Complete 
|  90|0x0000000085a00000, 0x0000000085b00000, 0x0000000085b00000|100%| E|CS|TAMS 0x0000000085a00000, 0x0000000085a00000| Complete 
|  91|0x0000000085b00000, 0x0000000085c00000, 0x0000000085c00000|100%| E|CS|TAMS 0x0000000085b00000, 0x0000000085b00000| Complete 
|  92|0x0000000085c00000, 0x0000000085d00000, 0x0000000085d00000|100%| E|CS|TAMS 0x0000000085c00000, 0x0000000085c00000| Complete 
|  93|0x0000000085d00000, 0x0000000085e00000, 0x0000000085e00000|100%| E|CS|TAMS 0x0000000085d00000, 0x0000000085d00000| Complete 
|  94|0x0000000085e00000, 0x0000000085f00000, 0x0000000085f00000|100%| E|CS|TAMS 0x0000000085e00000, 0x0000000085e00000| Complete 
|  95|0x0000000085f00000, 0x0000000086000000, 0x0000000086000000|100%| E|CS|TAMS 0x0000000085f00000, 0x0000000085f00000| Complete 
|  96|0x0000000086000000, 0x0000000086100000, 0x0000000086100000|100%| E|CS|TAMS 0x0000000086000000, 0x0000000086000000| Complete 
|  97|0x0000000086100000, 0x0000000086200000, 0x0000000086200000|100%| E|CS|TAMS 0x0000000086100000, 0x0000000086100000| Complete 
|  98|0x0000000086200000, 0x0000000086300000, 0x0000000086300000|100%| E|CS|TAMS 0x0000000086200000, 0x0000000086200000| Complete 
|  99|0x0000000086300000, 0x0000000086400000, 0x0000000086400000|100%| E|CS|TAMS 0x0000000086300000, 0x0000000086300000| Complete 
| 100|0x0000000086400000, 0x0000000086500000, 0x0000000086500000|100%| E|CS|TAMS 0x0000000086400000, 0x0000000086400000| Complete 
| 101|0x0000000086500000, 0x0000000086600000, 0x0000000086600000|100%| E|CS|TAMS 0x0000000086500000, 0x0000000086500000| Complete 
| 102|0x0000000086600000, 0x0000000086700000, 0x0000000086700000|100%| E|CS|TAMS 0x0000000086600000, 0x0000000086600000| Complete 
| 103|0x0000000086700000, 0x0000000086800000, 0x0000000086800000|100%| E|CS|TAMS 0x0000000086700000, 0x0000000086700000| Complete 
| 104|0x0000000086800000, 0x0000000086900000, 0x0000000086900000|100%| E|CS|TAMS 0x0000000086800000, 0x0000000086800000| Complete 
| 105|0x0000000086900000, 0x0000000086a00000, 0x0000000086a00000|100%| E|CS|TAMS 0x0000000086900000, 0x0000000086900000| Complete 
| 106|0x0000000086a00000, 0x0000000086b00000, 0x0000000086b00000|100%| E|CS|TAMS 0x0000000086a00000, 0x0000000086a00000| Complete 
| 107|0x0000000086b00000, 0x0000000086c00000, 0x0000000086c00000|100%| E|CS|TAMS 0x0000000086b00000, 0x0000000086b00000| Complete 
| 108|0x0000000086c00000, 0x0000000086d00000, 0x0000000086d00000|100%| E|CS|TAMS 0x0000000086c00000, 0x0000000086c00000| Complete 
| 109|0x0000000086d00000, 0x0000000086e00000, 0x0000000086e00000|100%| E|CS|TAMS 0x0000000086d00000, 0x0000000086d00000| Complete 
| 110|0x0000000086e00000, 0x0000000086f00000, 0x0000000086f00000|100%| E|CS|TAMS 0x0000000086e00000, 0x0000000086e00000| Complete 
| 111|0x0000000086f00000, 0x0000000087000000, 0x0000000087000000|100%| E|CS|TAMS 0x0000000086f00000, 0x0000000086f00000| Complete 
| 112|0x0000000087000000, 0x0000000087100000, 0x0000000087100000|100%| E|CS|TAMS 0x0000000087000000, 0x0000000087000000| Complete 
| 113|0x0000000087100000, 0x0000000087200000, 0x0000000087200000|100%| E|CS|TAMS 0x0000000087100000, 0x0000000087100000| Complete 
| 114|0x0000000087200000, 0x0000000087300000, 0x0000000087300000|100%| E|CS|TAMS 0x0000000087200000, 0x0000000087200000| Complete 
| 115|0x0000000087300000, 0x0000000087400000, 0x0000000087400000|100%| E|CS|TAMS 0x0000000087300000, 0x0000000087300000| Complete 
| 116|0x0000000087400000, 0x0000000087500000, 0x0000000087500000|100%| E|CS|TAMS 0x0000000087400000, 0x0000000087400000| Complete 
| 117|0x0000000087500000, 0x0000000087600000, 0x0000000087600000|100%| E|CS|TAMS 0x0000000087500000, 0x0000000087500000| Complete 
| 118|0x0000000087600000, 0x0000000087700000, 0x0000000087700000|100%| E|CS|TAMS 0x0000000087600000, 0x0000000087600000| Complete 
| 119|0x0000000087700000, 0x0000000087800000, 0x0000000087800000|100%| E|CS|TAMS 0x0000000087700000, 0x0000000087700000| Complete 
| 120|0x0000000087800000, 0x0000000087900000, 0x0000000087900000|100%| E|CS|TAMS 0x0000000087800000, 0x0000000087800000| Complete 
| 121|0x0000000087900000, 0x0000000087a00000, 0x0000000087a00000|100%| E|CS|TAMS 0x0000000087900000, 0x0000000087900000| Complete 
| 122|0x0000000087a00000, 0x0000000087b00000, 0x0000000087b00000|100%| E|CS|TAMS 0x0000000087a00000, 0x0000000087a00000| Complete 
| 123|0x0000000087b00000, 0x0000000087c00000, 0x0000000087c00000|100%| E|CS|TAMS 0x0000000087b00000, 0x0000000087b00000| Complete 
| 124|0x0000000087c00000, 0x0000000087d00000, 0x0000000087d00000|100%| E|CS|TAMS 0x0000000087c00000, 0x0000000087c00000| Complete 
| 125|0x0000000087d00000, 0x0000000087e00000, 0x0000000087e00000|100%| E|CS|TAMS 0x0000000087d00000, 0x0000000087d00000| Complete 
| 126|0x0000000087e00000, 0x0000000087f00000, 0x0000000087f00000|100%| E|CS|TAMS 0x0000000087e00000, 0x0000000087e00000| Complete 
| 127|0x0000000087f00000, 0x0000000088000000, 0x0000000088000000|100%| E|CS|TAMS 0x0000000087f00000, 0x0000000087f00000| Complete 
| 128|0x0000000088000000, 0x0000000088100000, 0x0000000088100000|100%| E|CS|TAMS 0x0000000088000000, 0x0000000088000000| Complete 
| 129|0x0000000088100000, 0x0000000088200000, 0x0000000088200000|100%| E|CS|TAMS 0x0000000088100000, 0x0000000088100000| Complete 
| 130|0x0000000088200000, 0x0000000088300000, 0x0000000088300000|100%| E|CS|TAMS 0x0000000088200000, 0x0000000088200000| Complete 
| 131|0x0000000088300000, 0x0000000088400000, 0x0000000088400000|100%| E|CS|TAMS 0x0000000088300000, 0x0000000088300000| Complete 
| 132|0x0000000088400000, 0x0000000088500000, 0x0000000088500000|100%| E|CS|TAMS 0x0000000088400000, 0x0000000088400000| Complete 
| 133|0x0000000088500000, 0x0000000088600000, 0x0000000088600000|100%| E|CS|TAMS 0x0000000088500000, 0x0000000088500000| Complete 
| 134|0x0000000088600000, 0x0000000088700000, 0x0000000088700000|100%| E|CS|TAMS 0x0000000088600000, 0x0000000088600000| Complete 
| 135|0x0000000088700000, 0x0000000088800000, 0x0000000088800000|100%| E|CS|TAMS 0x0000000088700000, 0x0000000088700000| Complete 
| 136|0x0000000088800000, 0x0000000088900000, 0x0000000088900000|100%| E|CS|TAMS 0x0000000088800000, 0x0000000088800000| Complete 
| 137|0x0000000088900000, 0x0000000088a00000, 0x0000000088a00000|100%| E|CS|TAMS 0x0000000088900000, 0x0000000088900000| Complete 
| 138|0x0000000088a00000, 0x0000000088b00000, 0x0000000088b00000|100%| E|CS|TAMS 0x0000000088a00000, 0x0000000088a00000| Complete 
| 139|0x0000000088b00000, 0x0000000088c00000, 0x0000000088c00000|100%| E|CS|TAMS 0x0000000088b00000, 0x0000000088b00000| Complete 
| 140|0x0000000088c00000, 0x0000000088d00000, 0x0000000088d00000|100%| E|CS|TAMS 0x0000000088c00000, 0x0000000088c00000| Complete 
| 141|0x0000000088d00000, 0x0000000088e00000, 0x0000000088e00000|100%| E|CS|TAMS 0x0000000088d00000, 0x0000000088d00000| Complete 
| 142|0x0000000088e00000, 0x0000000088f00000, 0x0000000088f00000|100%| E|CS|TAMS 0x0000000088e00000, 0x0000000088e00000| Complete 
| 143|0x0000000088f00000, 0x0000000089000000, 0x0000000089000000|100%| E|CS|TAMS 0x0000000088f00000, 0x0000000088f00000| Complete 
| 144|0x0000000089000000, 0x0000000089100000, 0x0000000089100000|100%| E|CS|TAMS 0x0000000089000000, 0x0000000089000000| Complete 
| 145|0x0000000089100000, 0x0000000089200000, 0x0000000089200000|100%| E|CS|TAMS 0x0000000089100000, 0x0000000089100000| Complete 
| 146|0x0000000089200000, 0x0000000089300000, 0x0000000089300000|100%| E|CS|TAMS 0x0000000089200000, 0x0000000089200000| Complete 
| 147|0x0000000089300000, 0x0000000089400000, 0x0000000089400000|100%| E|CS|TAMS 0x0000000089300000, 0x0000000089300000| Complete 
| 148|0x0000000089400000, 0x0000000089500000, 0x0000000089500000|100%| E|CS|TAMS 0x0000000089400000, 0x0000000089400000| Complete 
| 149|0x0000000089500000, 0x0000000089600000, 0x0000000089600000|100%| E|CS|TAMS 0x0000000089500000, 0x0000000089500000| Complete 
| 150|0x0000000089600000, 0x0000000089700000, 0x0000000089700000|100%| E|CS|TAMS 0x0000000089600000, 0x0000000089600000| Complete 
| 151|0x0000000089700000, 0x0000000089800000, 0x0000000089800000|100%| E|CS|TAMS 0x0000000089700000, 0x0000000089700000| Complete 
| 152|0x0000000089800000, 0x0000000089900000, 0x0000000089900000|100%| E|CS|TAMS 0x0000000089800000, 0x0000000089800000| Complete 
| 153|0x0000000089900000, 0x0000000089a00000, 0x0000000089a00000|100%| E|CS|TAMS 0x0000000089900000, 0x0000000089900000| Complete 
| 154|0x0000000089a00000, 0x0000000089b00000, 0x0000000089b00000|100%| E|CS|TAMS 0x0000000089a00000, 0x0000000089a00000| Complete 
| 155|0x0000000089b00000, 0x0000000089c00000, 0x0000000089c00000|100%| E|CS|TAMS 0x0000000089b00000, 0x0000000089b00000| Complete 
| 156|0x0000000089c00000, 0x0000000089d00000, 0x0000000089d00000|100%| E|CS|TAMS 0x0000000089c00000, 0x0000000089c00000| Complete 
| 157|0x0000000089d00000, 0x0000000089e00000, 0x0000000089e00000|100%| E|CS|TAMS 0x0000000089d00000, 0x0000000089d00000| Complete 
| 158|0x0000000089e00000, 0x0000000089f00000, 0x0000000089f00000|100%| E|CS|TAMS 0x0000000089e00000, 0x0000000089e00000| Complete 
| 159|0x0000000089f00000, 0x000000008a000000, 0x000000008a000000|100%| E|CS|TAMS 0x0000000089f00000, 0x0000000089f00000| Complete 
| 160|0x000000008a000000, 0x000000008a100000, 0x000000008a100000|100%| E|CS|TAMS 0x000000008a000000, 0x000000008a000000| Complete 
| 161|0x000000008a100000, 0x000000008a200000, 0x000000008a200000|100%| E|CS|TAMS 0x000000008a100000, 0x000000008a100000| Complete 
| 162|0x000000008a200000, 0x000000008a300000, 0x000000008a300000|100%| E|CS|TAMS 0x000000008a200000, 0x000000008a200000| Complete 
| 163|0x000000008a300000, 0x000000008a400000, 0x000000008a400000|100%| E|CS|TAMS 0x000000008a300000, 0x000000008a300000| Complete 
| 164|0x000000008a400000, 0x000000008a500000, 0x000000008a500000|100%| E|CS|TAMS 0x000000008a400000, 0x000000008a400000| Complete 
| 165|0x000000008a500000, 0x000000008a600000, 0x000000008a600000|100%| E|CS|TAMS 0x000000008a500000, 0x000000008a500000| Complete 
| 166|0x000000008a600000, 0x000000008a700000, 0x000000008a700000|100%| E|CS|TAMS 0x000000008a600000, 0x000000008a600000| Complete 
| 167|0x000000008a700000, 0x000000008a800000, 0x000000008a800000|100%| E|CS|TAMS 0x000000008a700000, 0x000000008a700000| Complete 
| 466|0x000000009d200000, 0x000000009d300000, 0x000000009d300000|100%| E|CS|TAMS 0x000000009d200000, 0x000000009d200000| Complete 
| 511|0x000000009ff00000, 0x00000000a0000000, 0x00000000a0000000|100%| E|CS|TAMS 0x000000009ff00000, 0x000000009ff00000| Complete 

Card table byte_map: [0x000002289a3d0000,0x000002289a7d0000] _byte_map_base: 0x0000022899fd0000

Marking Bits (Prev, Next): (CMBitMap*) 0x0000022886b08f70, (CMBitMap*) 0x0000022886b08f30
 Prev Bits: [0x000002289cbd0000, 0x000002289ebd0000)
 Next Bits: [0x000002289abd0000, 0x000002289cbd0000)

Polling page: 0x0000022885130000

Metaspace:

Usage:
  Non-class:     48.00 MB used.
      Class:      7.36 MB used.
       Both:     55.36 MB used.

Virtual space:
  Non-class space:       64.00 MB reserved,      48.25 MB ( 75%) committed,  1 nodes.
      Class space:        1.00 GB reserved,       7.62 MB ( <1%) committed,  1 nodes.
             Both:        1.06 GB reserved,      55.88 MB (  5%) committed. 

Chunk freelists:
   Non-Class:  15.70 MB
       Class:  8.42 MB
        Both:  24.12 MB

MaxMetaspaceSize: unlimited
CompressedClassSpaceSize: 1.00 GB
Initial GC threshold: 21.00 MB
Current GC threshold: 79.62 MB
CDS: off
MetaspaceReclaimPolicy: balanced
 - commit_granule_bytes: 65536.
 - commit_granule_words: 8192.
 - virtual_space_node_default_size: 8388608.
 - enlarge_chunks_in_place: 1.
 - new_chunks_are_fully_committed: 0.
 - uncommit_free_chunks: 1.
 - use_allocation_guard: 0.
 - handle_deallocations: 1.


Internal statistics:

num_allocs_failed_limit: 3.
num_arena_births: 492.
num_arena_deaths: 0.
num_vsnodes_births: 2.
num_vsnodes_deaths: 0.
num_space_committed: 894.
num_space_uncommitted: 0.
num_chunks_returned_to_freelist: 3.
num_chunks_taken_from_freelist: 2343.
num_chunk_merges: 3.
num_chunk_splits: 1533.
num_chunks_enlarged: 1071.
num_inconsistent_stats: 0.

CodeHeap 'non-profiled nmethods': size=120000Kb used=2471Kb max_used=3172Kb free=117528Kb
 bounds [0x0000022891e10000, 0x0000022892130000, 0x0000022899340000]
CodeHeap 'profiled nmethods': size=120000Kb used=8872Kb max_used=10041Kb free=111127Kb
 bounds [0x000002288a340000, 0x000002288ad20000, 0x0000022891870000]
CodeHeap 'non-nmethods': size=5760Kb used=2322Kb max_used=2361Kb free=3437Kb
 bounds [0x0000022891870000, 0x0000022891ae0000, 0x0000022891e10000]
 total_blobs=5437 nmethods=4595 adapters=754
 compilation: enabled
              stopped_count=0, restarted_count=0
 full_count=0

Compilation events (20 events):
Event: 3.406 Thread 0x00000228a1a0bf60 5396       3       com.google.common.reflect.TypeResolver$TypeMappingIntrospector::visitParameterizedType (105 bytes)
Event: 3.407 Thread 0x00000228a1a0bf60 nmethod 5396 0x000002288a8b0290 code [0x000002288a8b0580, 0x000002288a8b1a68]
Event: 3.407 Thread 0x00000228a1a0bf60 5397       3       com.google.common.reflect.TypeResolver$TypeMappingIntrospector::map (92 bytes)
Event: 3.407 Thread 0x00000228a1a0bf60 nmethod 5397 0x000002288a499290 code [0x000002288a4995a0, 0x000002288a49ae48]
Event: 3.407 Thread 0x00000228a1a0bf60 5398       3       sun.reflect.generics.parser.SignatureParser::parseIdentifier (13 bytes)
Event: 3.408 Thread 0x00000228a1a0bf60 nmethod 5398 0x000002288acb7010 code [0x000002288acb71c0, 0x000002288acb7418]
Event: 3.408 Thread 0x00000228a1a0bf60 5399       1       org.gradle.internal.instantiation.generator.AbstractClassGenerator$PropertyMetadata::field (6 bytes)
Event: 3.408 Thread 0x00000228a1a0bf60 nmethod 5399 0x0000022892039210 code [0x00000228920393a0, 0x00000228920394b8]
Event: 3.409 Thread 0x00000228a1a0bf60 5400       3       com.google.common.collect.ImmutableList$Builder::<init> (6 bytes)
Event: 3.409 Thread 0x00000228a1a0bf60 nmethod 5400 0x000002288acb6a10 code [0x000002288acb6bc0, 0x000002288acb6ef8]
Event: 3.409 Thread 0x00000228a1a0bf60 5401       3       com.google.common.collect.LinkedHashMultimap::createCollection (14 bytes)
Event: 3.409 Thread 0x00000228a1a0bf60 nmethod 5401 0x000002288acb6610 code [0x000002288acb67c0, 0x000002288acb6968]
Event: 3.409 Thread 0x00000228a1a0bf60 5402       3       com.google.common.collect.LinkedHashMultimap$ValueSet::<init> (55 bytes)
Event: 3.409 Thread 0x00000228a1a0bf60 nmethod 5402 0x000002288a4e3210 code [0x000002288a4e3400, 0x000002288a4e3928]
Event: 3.409 Thread 0x00000228a1a0bf60 5403       1       com.google.common.collect.LinkedHashMultimap$ValueSet::setSuccessorInValueSet (6 bytes)
Event: 3.409 Thread 0x00000228a1a0bf60 nmethod 5403 0x0000022892038f10 code [0x00000228920390a0, 0x00000228920391b8]
Event: 3.410 Thread 0x00000228a1a0bf60 5404       3       org.gradle.internal.instantiation.generator.AsmBackedClassGenerator$ClassBuilderImpl::applyConventionMappingToGetter (64 bytes)
Event: 3.410 Thread 0x00000228a1a0bf60 nmethod 5404 0x000002288a37b510 code [0x000002288a37b760, 0x000002288a37c3f8]
Event: 3.410 Thread 0x00000228a1a0bf60 5405       3       org.gradle.internal.instantiation.generator.AsmBackedClassGenerator$ClassBuilderImpl::applyConventionMappingToProperty (23 bytes)
Event: 3.410 Thread 0x00000228a1a0bf60 nmethod 5405 0x000002288a4e2290 code [0x000002288a4e24e0, 0x000002288a4e2ca8]

GC Heap History (20 events):
Event: 1.501 GC heap after
{Heap after GC invocations=5 (full 0):
 garbage-first heap   total 71680K, used 21434K [0x0000000080000000, 0x0000000100000000)
  region size 1024K, 3 young (3072K), 3 survivors (3072K)
 Metaspace       used 26699K, committed 27008K, reserved 1114112K
  class space    used 3440K, committed 3584K, reserved 1048576K
}
Event: 1.763 GC heap before
{Heap before GC invocations=5 (full 0):
 garbage-first heap   total 71680K, used 50106K [0x0000000080000000, 0x0000000100000000)
  region size 1024K, 31 young (31744K), 3 survivors (3072K)
 Metaspace       used 30744K, committed 31104K, reserved 1114112K
  class space    used 4123K, committed 4288K, reserved 1048576K
}
Event: 1.764 GC heap after
{Heap after GC invocations=6 (full 0):
 garbage-first heap   total 71680K, used 23006K [0x0000000080000000, 0x0000000100000000)
  region size 1024K, 4 young (4096K), 4 survivors (4096K)
 Metaspace       used 30744K, committed 31104K, reserved 1114112K
  class space    used 4123K, committed 4288K, reserved 1048576K
}
Event: 2.010 GC heap before
{Heap before GC invocations=6 (full 0):
 garbage-first heap   total 71680K, used 59870K [0x0000000080000000, 0x0000000100000000)
  region size 1024K, 31 young (31744K), 4 survivors (4096K)
 Metaspace       used 33491K, committed 33856K, reserved 1114112K
  class space    used 4582K, committed 4736K, reserved 1048576K
}
Event: 2.012 GC heap after
{Heap after GC invocations=7 (full 0):
 garbage-first heap   total 71680K, used 39467K [0x0000000080000000, 0x0000000100000000)
  region size 1024K, 4 young (4096K), 4 survivors (4096K)
 Metaspace       used 33491K, committed 33856K, reserved 1114112K
  class space    used 4582K, committed 4736K, reserved 1048576K
}
Event: 2.143 GC heap before
{Heap before GC invocations=7 (full 0):
 garbage-first heap   total 71680K, used 55851K [0x0000000080000000, 0x0000000100000000)
  region size 1024K, 20 young (20480K), 4 survivors (4096K)
 Metaspace       used 35568K, committed 35904K, reserved 1114112K
  class space    used 4902K, committed 5056K, reserved 1048576K
}
Event: 2.144 GC heap after
{Heap after GC invocations=8 (full 0):
 garbage-first heap   total 71680K, used 40576K [0x0000000080000000, 0x0000000100000000)
  region size 1024K, 1 young (1024K), 1 survivors (1024K)
 Metaspace       used 35568K, committed 35904K, reserved 1114112K
  class space    used 4902K, committed 5056K, reserved 1048576K
}
Event: 2.285 GC heap before
{Heap before GC invocations=9 (full 0):
 garbage-first heap   total 71680K, used 57984K [0x0000000080000000, 0x0000000100000000)
  region size 1024K, 18 young (18432K), 1 survivors (1024K)
 Metaspace       used 38424K, committed 38912K, reserved 1114112K
  class space    used 5341K, committed 5568K, reserved 1048576K
}
Event: 2.287 GC heap after
{Heap after GC invocations=10 (full 0):
 garbage-first heap   total 71680K, used 41682K [0x0000000080000000, 0x0000000100000000)
  region size 1024K, 2 young (2048K), 2 survivors (2048K)
 Metaspace       used 38424K, committed 38912K, reserved 1114112K
  class space    used 5341K, committed 5568K, reserved 1048576K
}
Event: 2.415 GC heap before
{Heap before GC invocations=10 (full 0):
 garbage-first heap   total 71680K, used 57042K [0x0000000080000000, 0x0000000100000000)
  region size 1024K, 18 young (18432K), 2 survivors (2048K)
 Metaspace       used 42492K, committed 42944K, reserved 1114112K
  class space    used 5764K, committed 5952K, reserved 1048576K
}
Event: 2.417 GC heap after
{Heap after GC invocations=11 (full 0):
 garbage-first heap   total 71680K, used 43857K [0x0000000080000000, 0x0000000100000000)
  region size 1024K, 3 young (3072K), 3 survivors (3072K)
 Metaspace       used 42492K, committed 42944K, reserved 1114112K
  class space    used 5764K, committed 5952K, reserved 1048576K
}
Event: 2.490 GC heap before
{Heap before GC invocations=12 (full 0):
 garbage-first heap   total 75776K, used 57169K [0x0000000080000000, 0x0000000100000000)
  region size 1024K, 17 young (17408K), 3 survivors (3072K)
 Metaspace       used 43413K, committed 43840K, reserved 1114112K
  class space    used 5835K, committed 6016K, reserved 1048576K
}
Event: 2.491 GC heap after
{Heap after GC invocations=13 (full 0):
 garbage-first heap   total 75776K, used 45961K [0x0000000080000000, 0x0000000100000000)
  region size 1024K, 3 young (3072K), 3 survivors (3072K)
 Metaspace       used 43413K, committed 43840K, reserved 1114112K
  class space    used 5835K, committed 6016K, reserved 1048576K
}
Event: 2.541 GC heap before
{Heap before GC invocations=13 (full 0):
 garbage-first heap   total 75776K, used 58249K [0x0000000080000000, 0x0000000100000000)
  region size 1024K, 17 young (17408K), 3 survivors (3072K)
 Metaspace       used 43889K, committed 44288K, reserved 1114112K
  class space    used 5882K, committed 6080K, reserved 1048576K
}
Event: 2.542 GC heap after
{Heap after GC invocations=14 (full 0):
 garbage-first heap   total 75776K, used 46464K [0x0000000080000000, 0x0000000100000000)
  region size 1024K, 2 young (2048K), 2 survivors (2048K)
 Metaspace       used 43889K, committed 44288K, reserved 1114112K
  class space    used 5882K, committed 6080K, reserved 1048576K
}
Event: 2.657 GC heap before
{Heap before GC invocations=15 (full 0):
 garbage-first heap   total 89088K, used 65920K [0x0000000080000000, 0x0000000100000000)
  region size 1024K, 16 young (16384K), 2 survivors (2048K)
 Metaspace       used 46109K, committed 46592K, reserved 1114112K
  class space    used 6108K, committed 6336K, reserved 1048576K
}
Event: 2.659 GC heap after
{Heap after GC invocations=16 (full 0):
 garbage-first heap   total 89088K, used 47253K [0x0000000080000000, 0x0000000100000000)
  region size 1024K, 2 young (2048K), 2 survivors (2048K)
 Metaspace       used 46109K, committed 46592K, reserved 1114112K
  class space    used 6108K, committed 6336K, reserved 1048576K
}
Event: 2.826 GC heap before
{Heap before GC invocations=16 (full 0):
 garbage-first heap   total 89088K, used 70805K [0x0000000080000000, 0x0000000100000000)
  region size 1024K, 25 young (25600K), 2 survivors (2048K)
 Metaspace       used 48321K, committed 48768K, reserved 1114112K
  class space    used 6461K, committed 6656K, reserved 1048576K
}
Event: 2.829 GC heap after
{Heap after GC invocations=17 (full 0):
 garbage-first heap   total 307200K, used 49633K [0x0000000080000000, 0x0000000100000000)
  region size 1024K, 4 young (4096K), 4 survivors (4096K)
 Metaspace       used 48321K, committed 48768K, reserved 1114112K
  class space    used 6461K, committed 6656K, reserved 1048576K
}
Event: 3.418 GC heap before
{Heap before GC invocations=18 (full 0):
 garbage-first heap   total 174080K, used 152033K [0x0000000080000000, 0x0000000100000000)
  region size 1024K, 101 young (103424K), 4 survivors (4096K)
 Metaspace       used 56683K, committed 57216K, reserved 1114112K
  class space    used 7532K, committed 7808K, reserved 1048576K
}

Dll operation events (3 events):
Event: 0.010 Loaded shared library D:\Program Files\apps\AndroidStudio\ch-0\232.9921.47.2321.10958940\jbr\bin\java.dll
Event: 0.093 Loaded shared library D:\Program Files\apps\AndroidStudio\ch-0\232.9921.47.2321.10958940\jbr\bin\zip.dll
Event: 0.225 Loaded shared library D:\Program Files\apps\AndroidStudio\ch-0\232.9921.47.2321.10958940\jbr\bin\verify.dll

Deoptimization events (20 events):
Event: 3.300 Thread 0x00000228a7873eb0 DEOPT PACKING pc=0x0000022891e1f1a4 sp=0x000000918d8f7300
Event: 3.300 Thread 0x00000228a7873eb0 DEOPT UNPACKING pc=0x00000228918c69a3 sp=0x000000918d8f72a8 mode 2
Event: 3.329 Thread 0x00000228a8f2a7e0 Uncommon trap: trap_request=0xffffff45 fr.pc=0x0000022891ec5db8 relative=0x0000000000000218
Event: 3.329 Thread 0x00000228a8f2a7e0 Uncommon trap: reason=unstable_if action=reinterpret pc=0x0000022891ec5db8 method=java.util.StringTokenizer.scanToken(I)I @ 42 c2
Event: 3.329 Thread 0x00000228a8f2a7e0 DEOPT PACKING pc=0x0000022891ec5db8 sp=0x000000918eefe6c0
Event: 3.329 Thread 0x00000228a8f2a7e0 DEOPT UNPACKING pc=0x00000228918c69a3 sp=0x000000918eefe650 mode 2
Event: 3.360 Thread 0x00000228a7873eb0 DEOPT PACKING pc=0x000002288a775ad4 sp=0x000000918d8f9010
Event: 3.360 Thread 0x00000228a7873eb0 DEOPT UNPACKING pc=0x00000228918c7143 sp=0x000000918d8f8568 mode 0
Event: 3.368 Thread 0x00000228a7873eb0 Uncommon trap: trap_request=0xffffff45 fr.pc=0x000002289205e430 relative=0x0000000000001490
Event: 3.368 Thread 0x00000228a7873eb0 Uncommon trap: reason=unstable_if action=reinterpret pc=0x000002289205e430 method=java.lang.ClassValue.match(Ljava/lang/ClassValue$Entry;)Z @ 12 c2
Event: 3.368 Thread 0x00000228a7873eb0 DEOPT PACKING pc=0x000002289205e430 sp=0x000000918d8f8650
Event: 3.368 Thread 0x00000228a7873eb0 DEOPT UNPACKING pc=0x00000228918c69a3 sp=0x000000918d8f8478 mode 2
Event: 3.385 Thread 0x00000228a7873eb0 Uncommon trap: trap_request=0xffffffc6 fr.pc=0x00000228920b731c relative=0x0000000000000afc
Event: 3.385 Thread 0x00000228a7873eb0 Uncommon trap: reason=bimorphic_or_optimized_type_check action=maybe_recompile pc=0x00000228920b731c method=org.codehaus.groovy.runtime.metaclass.MetaMethodIndex.isOverridden(Lgroovy/lang/MetaMethod;Lgroovy/lang/MetaMethod;)Z @ 56 c2
Event: 3.385 Thread 0x00000228a7873eb0 DEOPT PACKING pc=0x00000228920b731c sp=0x000000918d8f46b0
Event: 3.385 Thread 0x00000228a7873eb0 DEOPT UNPACKING pc=0x00000228918c69a3 sp=0x000000918d8f4608 mode 2
Event: 3.389 Thread 0x00000228a7873eb0 Uncommon trap: trap_request=0xffffffc6 fr.pc=0x00000228920b731c relative=0x0000000000000afc
Event: 3.389 Thread 0x00000228a7873eb0 Uncommon trap: reason=bimorphic_or_optimized_type_check action=maybe_recompile pc=0x00000228920b731c method=org.codehaus.groovy.runtime.metaclass.MetaMethodIndex.isOverridden(Lgroovy/lang/MetaMethod;Lgroovy/lang/MetaMethod;)Z @ 56 c2
Event: 3.389 Thread 0x00000228a7873eb0 DEOPT PACKING pc=0x00000228920b731c sp=0x000000918d8f4770
Event: 3.389 Thread 0x00000228a7873eb0 DEOPT UNPACKING pc=0x00000228918c69a3 sp=0x000000918d8f46c8 mode 2

Classes unloaded (0 events):
No events

Classes redefined (0 events):
No events

Internal exceptions (20 events):
Event: 3.371 Thread 0x00000228a7873eb0 Exception <a 'java/lang/ClassNotFoundException'{0x0000000085209528}: org/gradle/initialization/DefaultSettingsCustomizer> (0x0000000085209528) 
thrown [s\src\hotspot\share\classfile\systemDictionary.cpp, line 256]
Event: 3.372 Thread 0x00000228a7873eb0 Exception <a 'java/lang/ClassNotFoundException'{0x000000008524f770}: org/gradle/initialization/DefaultSettings_DecoratedCustomizer> (0x000000008524f770) 
thrown [s\src\hotspot\share\classfile\systemDictionary.cpp, line 256]
Event: 3.379 Thread 0x00000228a7873eb0 Exception <a 'java/lang/ClassNotFoundException'{0x000000008513fab0}: org/gradle/plugin/management/internal/DefaultPluginManagementSpec_DecoratedBeanInfo> (0x000000008513fab0) 
thrown [s\src\hotspot\share\classfile\systemDictionary.cpp, line 256]
Event: 3.379 Thread 0x00000228a7873eb0 Exception <a 'java/lang/ClassNotFoundException'{0x0000000085154a50}: org/gradle/plugin/management/internal/DefaultPluginManagementSpecBeanInfo> (0x0000000085154a50) 
thrown [s\src\hotspot\share\classfile\systemDictionary.cpp, line 256]
Event: 3.379 Thread 0x00000228a7873eb0 Exception <a 'java/lang/ClassNotFoundException'{0x00000000851699f0}: org/gradle/plugin/management/internal/DefaultPluginManagementSpecCustomizer> (0x00000000851699f0) 
thrown [s\src\hotspot\share\classfile\systemDictionary.cpp, line 256]
Event: 3.380 Thread 0x00000228a7873eb0 Exception <a 'java/lang/ClassNotFoundException'{0x000000008518f548}: org/gradle/plugin/management/internal/DefaultPluginManagementSpec_DecoratedCustomizer> (0x000000008518f548) 
thrown [s\src\hotspot\share\classfile\systemDictionary.cpp, line 256]
Event: 3.389 Thread 0x00000228a7873eb0 Exception <a 'java/lang/ClassNotFoundException'{0x0000000084dec488}: org/gradle/api/internal/artifacts/dsl/DefaultRepositoryHandler_DecoratedBeanInfo> (0x0000000084dec488) 
thrown [s\src\hotspot\share\classfile\systemDictionary.cpp, line 256]
Event: 3.390 Thread 0x00000228a7873eb0 Exception <a 'java/lang/ClassNotFoundException'{0x0000000084c04fa8}: org/gradle/api/internal/artifacts/dsl/DefaultRepositoryHandlerBeanInfo> (0x0000000084c04fa8) 
thrown [s\src\hotspot\share\classfile\systemDictionary.cpp, line 256]
Event: 3.390 Thread 0x00000228a7873eb0 Exception <a 'java/lang/ClassNotFoundException'{0x0000000084c1dc88}: org/gradle/api/internal/artifacts/DefaultArtifactRepositoryContainerBeanInfo> (0x0000000084c1dc88) 
thrown [s\src\hotspot\share\classfile\systemDictionary.cpp, line 256]
Event: 3.390 Thread 0x00000228a7873eb0 Exception <a 'java/lang/ClassNotFoundException'{0x0000000084c33588}: org/gradle/api/internal/DefaultNamedDomainObjectListBeanInfo> (0x0000000084c33588) 
thrown [s\src\hotspot\share\classfile\systemDictionary.cpp, line 256]
Event: 3.391 Thread 0x00000228a7873eb0 Exception <a 'java/lang/ClassNotFoundException'{0x0000000084c49278}: org/gradle/api/internal/DefaultNamedDomainObjectCollectionBeanInfo> (0x0000000084c49278) 
thrown [s\src\hotspot\share\classfile\systemDictionary.cpp, line 256]
Event: 3.391 Thread 0x00000228a7873eb0 Exception <a 'java/lang/ClassNotFoundException'{0x0000000084c5ee28}: org/gradle/api/internal/DefaultDomainObjectCollectionBeanInfo> (0x0000000084c5ee28) 
thrown [s\src\hotspot\share\classfile\systemDictionary.cpp, line 256]
Event: 3.391 Thread 0x00000228a7873eb0 Exception <a 'java/lang/ClassNotFoundException'{0x0000000084c65d08}: java/util/AbstractCollectionBeanInfo> (0x0000000084c65d08) 
thrown [s\src\hotspot\share\classfile\systemDictionary.cpp, line 256]
Event: 3.391 Thread 0x00000228a7873eb0 Exception <a 'java/lang/ClassNotFoundException'{0x0000000084c6cbb8}: java/util/AbstractCollectionCustomizer> (0x0000000084c6cbb8) 
thrown [s\src\hotspot\share\classfile\systemDictionary.cpp, line 256]
Event: 3.392 Thread 0x00000228a7873eb0 Exception <a 'java/lang/ClassNotFoundException'{0x0000000084c8bda0}: org/gradle/api/internal/DefaultDomainObjectCollectionCustomizer> (0x0000000084c8bda0) 
thrown [s\src\hotspot\share\classfile\systemDictionary.cpp, line 256]
Event: 3.393 Thread 0x00000228a7873eb0 Exception <a 'java/lang/ClassNotFoundException'{0x0000000084cc0008}: org/gradle/api/internal/DefaultNamedDomainObjectCollectionCustomizer> (0x0000000084cc0008) 
thrown [s\src\hotspot\share\classfile\systemDictionary.cpp, line 256]
Event: 3.394 Thread 0x00000228a7873eb0 Exception <a 'java/lang/ClassNotFoundException'{0x0000000084cfdb90}: org/gradle/api/internal/DefaultNamedDomainObjectListCustomizer> (0x0000000084cfdb90) 
thrown [s\src\hotspot\share\classfile\systemDictionary.cpp, line 256]
Event: 3.395 Thread 0x00000228a7873eb0 Exception <a 'java/lang/ClassNotFoundException'{0x0000000084b31e00}: org/gradle/api/internal/artifacts/DefaultArtifactRepositoryContainerCustomizer> (0x0000000084b31e00) 
thrown [s\src\hotspot\share\classfile\systemDictionary.cpp, line 256]
Event: 3.395 Thread 0x00000228a7873eb0 Exception <a 'java/lang/ClassNotFoundException'{0x0000000084b5c6d0}: org/gradle/api/internal/artifacts/dsl/DefaultRepositoryHandlerCustomizer> (0x0000000084b5c6d0) 
thrown [s\src\hotspot\share\classfile\systemDictionary.cpp, line 256]
Event: 3.396 Thread 0x00000228a7873eb0 Exception <a 'java/lang/ClassNotFoundException'{0x0000000084b951d0}: org/gradle/api/internal/artifacts/dsl/DefaultRepositoryHandler_DecoratedCustomizer> (0x0000000084b951d0) 
thrown [s\src\hotspot\share\classfile\systemDictionary.cpp, line 256]

VM Operations (20 events):
Event: 3.186 Executing VM operation: HandshakeAllThreads done
Event: 3.202 Executing VM operation: HandshakeAllThreads
Event: 3.202 Executing VM operation: HandshakeAllThreads done
Event: 3.208 Executing VM operation: HandshakeAllThreads
Event: 3.208 Executing VM operation: HandshakeAllThreads done
Event: 3.213 Executing VM operation: HandshakeAllThreads
Event: 3.213 Executing VM operation: HandshakeAllThreads done
Event: 3.213 Executing VM operation: HandshakeAllThreads
Event: 3.213 Executing VM operation: HandshakeAllThreads done
Event: 3.238 Executing VM operation: HandshakeAllThreads
Event: 3.238 Executing VM operation: HandshakeAllThreads done
Event: 3.263 Executing VM operation: HandshakeAllThreads
Event: 3.263 Executing VM operation: HandshakeAllThreads done
Event: 3.276 Executing VM operation: ICBufferFull
Event: 3.276 Executing VM operation: ICBufferFull done
Event: 3.342 Executing VM operation: HandshakeAllThreads
Event: 3.342 Executing VM operation: HandshakeAllThreads done
Event: 3.344 Executing VM operation: HandshakeAllThreads
Event: 3.344 Executing VM operation: HandshakeAllThreads done
Event: 3.418 Executing VM operation: G1CollectForAllocation

Events (20 events):
Event: 3.325 loading class java/util/zip/Deflater$DeflaterZStreamRef
Event: 3.325 loading class java/util/zip/Deflater$DeflaterZStreamRef done
Event: 3.327 loading class java/nio/channels/Channels
Event: 3.327 loading class java/nio/channels/Channels done
Event: 3.327 loading class sun/nio/ch/ChannelInputStream
Event: 3.327 loading class sun/nio/ch/ChannelInputStream done
Event: 3.343 loading class java/nio/StringCharBuffer
Event: 3.344 loading class java/nio/StringCharBuffer done
Event: 3.358 loading class java/nio/file/StandardCopyOption
Event: 3.358 loading class java/nio/file/StandardCopyOption done
Event: 3.358 loading class sun/nio/fs/WindowsFileCopy
Event: 3.358 loading class sun/nio/fs/WindowsFileCopy done
Event: 3.391 loading class java/util/AbstractCollectionBeanInfo
Event: 3.391 loading class java/util/AbstractCollectionBeanInfo done
Event: 3.391 loading class java/util/AbstractCollectionBeanInfo
Event: 3.391 loading class java/util/AbstractCollectionBeanInfo done
Event: 3.391 loading class java/util/AbstractCollectionCustomizer
Event: 3.391 loading class java/util/AbstractCollectionCustomizer done
Event: 3.391 loading class java/util/AbstractCollectionCustomizer
Event: 3.391 loading class java/util/AbstractCollectionCustomizer done


Dynamic libraries:
0x00007ff6aeed0000 - 0x00007ff6aeeda000 	D:\Program Files\apps\AndroidStudio\ch-0\232.9921.47.2321.10958940\jbr\bin\java.exe
0x00007ffa6ea30000 - 0x00007ffa6ec27000 	C:\Windows\SYSTEM32\ntdll.dll
0x00007ffa6e370000 - 0x00007ffa6e42d000 	C:\Windows\System32\KERNEL32.DLL
0x00007ffa6c6a0000 - 0x00007ffa6c996000 	C:\Windows\System32\KERNELBASE.dll
0x00007ffa6c110000 - 0x00007ffa6c210000 	C:\Windows\System32\ucrtbase.dll
0x00007ffa4c440000 - 0x00007ffa4c457000 	D:\Program Files\apps\AndroidStudio\ch-0\232.9921.47.2321.10958940\jbr\bin\jli.dll
0x00007ffa4a9e0000 - 0x00007ffa4a9fb000 	D:\Program Files\apps\AndroidStudio\ch-0\232.9921.47.2321.10958940\jbr\bin\VCRUNTIME140.dll
0x00007ffa6e0f0000 - 0x00007ffa6e28e000 	C:\Windows\System32\USER32.dll
0x00007ffa6c670000 - 0x00007ffa6c692000 	C:\Windows\System32\win32u.dll
0x00007ffa6dae0000 - 0x00007ffa6db0c000 	C:\Windows\System32\GDI32.dll
0x00007ffa6c210000 - 0x00007ffa6c32a000 	C:\Windows\System32\gdi32full.dll
0x00007ffa6c330000 - 0x00007ffa6c3cd000 	C:\Windows\System32\msvcp_win.dll
0x00007ffa5e460000 - 0x00007ffa5e6fa000 	C:\Windows\WinSxS\amd64_microsoft.windows.common-controls_6595b64144ccf1df_6.0.19041.3570_none_60bb2a3971f3e41a\COMCTL32.dll
0x00007ffa6ca90000 - 0x00007ffa6cb2e000 	C:\Windows\System32\msvcrt.dll
0x00007ffa6dca0000 - 0x00007ffa6dcd0000 	C:\Windows\System32\IMM32.DLL
0x000000006bf80000 - 0x000000006bf8d000 	D:\Program Files (x86)\360\360Safe\safemon\SafeWrapper.dll
0x00007ffa6e040000 - 0x00007ffa6e0ee000 	C:\Windows\System32\ADVAPI32.dll
0x00007ffa6e430000 - 0x00007ffa6e4cc000 	C:\Windows\System32\sechost.dll
0x00007ffa6e7a0000 - 0x00007ffa6e8c6000 	C:\Windows\System32\RPCRT4.dll
0x00007ffa53980000 - 0x00007ffa53a2c000 	D:\Program Files (x86)\360\360Safe\safemon\libzdtp64.dll
0x00007ffa6d390000 - 0x00007ffa6dad4000 	C:\Windows\System32\SHELL32.dll
0x00007ffa6dc40000 - 0x00007ffa6dc95000 	C:\Windows\System32\SHLWAPI.dll
0x00007ffa6bc80000 - 0x00007ffa6bc8a000 	C:\Windows\SYSTEM32\VERSION.dll
0x00007ffa63650000 - 0x00007ffa6365c000 	D:\Program Files\apps\AndroidStudio\ch-0\232.9921.47.2321.10958940\jbr\bin\vcruntime140_1.dll
0x00007ffa4a410000 - 0x00007ffa4a49d000 	D:\Program Files\apps\AndroidStudio\ch-0\232.9921.47.2321.10958940\jbr\bin\msvcp140.dll
0x00007ffa13540000 - 0x00007ffa141c3000 	D:\Program Files\apps\AndroidStudio\ch-0\232.9921.47.2321.10958940\jbr\bin\server\jvm.dll
0x00007ffa6b600000 - 0x00007ffa6b64b000 	C:\Windows\SYSTEM32\POWRPROF.dll
0x00007ffa631e0000 - 0x00007ffa63207000 	C:\Windows\SYSTEM32\WINMM.dll
0x00007ffa67b30000 - 0x00007ffa67b39000 	C:\Windows\SYSTEM32\WSOCK32.dll
0x00007ffa6e540000 - 0x00007ffa6e5ab000 	C:\Windows\System32\WS2_32.dll
0x00007ffa6b4c0000 - 0x00007ffa6b4d2000 	C:\Windows\SYSTEM32\UMPDC.dll
0x00007ffa69f50000 - 0x00007ffa69f62000 	C:\Windows\SYSTEM32\kernel.appcore.dll
0x00007ffa66480000 - 0x00007ffa6648a000 	D:\Program Files\apps\AndroidStudio\ch-0\232.9921.47.2321.10958940\jbr\bin\jimage.dll
0x00007ffa5f330000 - 0x00007ffa5f514000 	C:\Windows\SYSTEM32\DBGHELP.DLL
0x00007ffa52750000 - 0x00007ffa52784000 	C:\Windows\SYSTEM32\dbgcore.DLL
0x00007ffa6c3d0000 - 0x00007ffa6c452000 	C:\Windows\System32\bcryptPrimitives.dll
0x00007ffa4c490000 - 0x00007ffa4c49e000 	D:\Program Files\apps\AndroidStudio\ch-0\232.9921.47.2321.10958940\jbr\bin\instrument.dll
0x00007ffa63620000 - 0x00007ffa63645000 	D:\Program Files\apps\AndroidStudio\ch-0\232.9921.47.2321.10958940\jbr\bin\java.dll
0x00007ffa51c30000 - 0x00007ffa51c48000 	D:\Program Files\apps\AndroidStudio\ch-0\232.9921.47.2321.10958940\jbr\bin\zip.dll
0x00007ffa6a150000 - 0x00007ffa6a8eb000 	C:\Windows\SYSTEM32\windows.storage.dll
0x00007ffa6dce0000 - 0x00007ffa6e034000 	C:\Windows\System32\combase.dll
0x00007ffa6bae0000 - 0x00007ffa6bb0d000 	C:\Windows\SYSTEM32\Wldp.dll
0x00007ffa6d200000 - 0x00007ffa6d2ad000 	C:\Windows\System32\SHCORE.dll
0x00007ffa6c040000 - 0x00007ffa6c065000 	C:\Windows\SYSTEM32\profapi.dll
0x00007ffa51c10000 - 0x00007ffa51c29000 	D:\Program Files\apps\AndroidStudio\ch-0\232.9921.47.2321.10958940\jbr\bin\net.dll
0x00007ffa63c30000 - 0x00007ffa63d3a000 	C:\Windows\SYSTEM32\WINHTTP.dll
0x00007ffa6b840000 - 0x00007ffa6b8aa000 	C:\Windows\system32\mswsock.dll
0x00007ffa51b70000 - 0x00007ffa51b86000 	D:\Program Files\apps\AndroidStudio\ch-0\232.9921.47.2321.10958940\jbr\bin\nio.dll
0x00007ffa66460000 - 0x00007ffa66470000 	D:\Program Files\apps\AndroidStudio\ch-0\232.9921.47.2321.10958940\jbr\bin\verify.dll
0x00007ffa51b40000 - 0x00007ffa51b67000 	E:\.gradle\native\c067742578af261105cb4f569cf0c3c89f3d7b1fecec35dd04571415982c5e48\windows-amd64\native-platform.dll
0x00007ffa24ca0000 - 0x00007ffa24de4000 	E:\.gradle\native\38dada09dfb8b06ba9b0570ebf7e218e3eb74d4ef43ca46872605cf95ebc2f47\windows-amd64\native-platform-file-events.dll
0x00007ffa5db00000 - 0x00007ffa5db09000 	D:\Program Files\apps\AndroidStudio\ch-0\232.9921.47.2321.10958940\jbr\bin\management.dll
0x00007ffa4c4a0000 - 0x00007ffa4c4ab000 	D:\Program Files\apps\AndroidStudio\ch-0\232.9921.47.2321.10958940\jbr\bin\management_ext.dll
0x00007ffa6e290000 - 0x00007ffa6e298000 	C:\Windows\System32\PSAPI.DLL
0x00007ffa6ba40000 - 0x00007ffa6ba58000 	C:\Windows\SYSTEM32\CRYPTSP.dll
0x00007ffa6b0e0000 - 0x00007ffa6b114000 	C:\Windows\system32\rsaenh.dll
0x00007ffa6ca10000 - 0x00007ffa6ca37000 	C:\Windows\System32\bcrypt.dll
0x00007ffa6c000000 - 0x00007ffa6c02e000 	C:\Windows\SYSTEM32\USERENV.dll
0x00007ffa6ba30000 - 0x00007ffa6ba3c000 	C:\Windows\SYSTEM32\CRYPTBASE.dll
0x00007ffa6b4e0000 - 0x00007ffa6b51b000 	C:\Windows\SYSTEM32\IPHLPAPI.DLL
0x00007ffa6e530000 - 0x00007ffa6e538000 	C:\Windows\System32\NSI.dll
0x00007ffa65830000 - 0x00007ffa65847000 	C:\Windows\SYSTEM32\dhcpcsvc6.DLL
0x00007ffa64ff0000 - 0x00007ffa6500d000 	C:\Windows\SYSTEM32\dhcpcsvc.DLL
0x00007ffa6b530000 - 0x00007ffa6b5fa000 	C:\Windows\SYSTEM32\DNSAPI.dll
0x00007ffa5e9c0000 - 0x00007ffa5e9c7000 	C:\Windows\system32\wshunix.dll

dbghelp: loaded successfully - version: 4.0.5 - missing functions: none
symbol engine: initialized successfully - sym options: 0x614 - pdb path: .;D:\Program Files\apps\AndroidStudio\ch-0\232.9921.47.2321.10958940\jbr\bin;C:\Windows\SYSTEM32;C:\Windows\WinSxS\amd64_microsoft.windows.common-controls_6595b64144ccf1df_6.0.19041.3570_none_60bb2a3971f3e41a;D:\Program Files (x86)\360\360Safe\safemon;D:\Program Files\apps\AndroidStudio\ch-0\232.9921.47.2321.10958940\jbr\bin\server;E:\.gradle\native\c067742578af261105cb4f569cf0c3c89f3d7b1fecec35dd04571415982c5e48\windows-amd64;E:\.gradle\native\38dada09dfb8b06ba9b0570ebf7e218e3eb74d4ef43ca46872605cf95ebc2f47\windows-amd64

VM Arguments:
jvm_args: --add-opens=java.base/java.util=ALL-UNNAMED --add-opens=java.base/java.lang=ALL-UNNAMED --add-opens=java.base/java.lang.invoke=ALL-UNNAMED --add-opens=java.prefs/java.util.prefs=ALL-UNNAMED --add-opens=java.base/java.nio.charset=ALL-UNNAMED --add-opens=java.base/java.net=ALL-UNNAMED --add-opens=java.base/java.util.concurrent.atomic=ALL-UNNAMED -Xmx2048m -Dfile.encoding=UTF-8 -Duser.country=CN -Duser.language=zh -Duser.variant -javaagent:E:\.gradle\wrapper\dists\gradle-8.4-rc-2-bin\eqe2ioh91z6c4g7kag8wggi2u\gradle-8.4-rc-2\lib\agents\gradle-instrumentation-agent-8.4.jar 
java_command: org.gradle.launcher.daemon.bootstrap.GradleDaemon 8.4-rc-2
java_class_path (initial): E:\.gradle\wrapper\dists\gradle-8.4-rc-2-bin\eqe2ioh91z6c4g7kag8wggi2u\gradle-8.4-rc-2\lib\gradle-launcher-8.4.jar
Launcher Type: SUN_STANDARD

[Global flags]
     intx CICompilerCount                          = 4                                         {product} {ergonomic}
     uint ConcGCThreads                            = 3                                         {product} {ergonomic}
     uint G1ConcRefinementThreads                  = 10                                        {product} {ergonomic}
   size_t G1HeapRegionSize                         = 1048576                                   {product} {ergonomic}
    uintx GCDrainStackTargetSize                   = 64                                        {product} {ergonomic}
   size_t InitialHeapSize                          = 536870912                                 {product} {ergonomic}
   size_t MarkStackSize                            = 4194304                                   {product} {ergonomic}
   size_t MaxHeapSize                              = 2147483648                                {product} {command line}
   size_t MaxNewSize                               = 1287651328                                {product} {ergonomic}
   size_t MinHeapDeltaBytes                        = 1048576                                   {product} {ergonomic}
   size_t MinHeapSize                              = 8388608                                   {product} {ergonomic}
    uintx NonNMethodCodeHeapSize                   = 5839372                                {pd product} {ergonomic}
    uintx NonProfiledCodeHeapSize                  = 122909434                              {pd product} {ergonomic}
    uintx ProfiledCodeHeapSize                     = 122909434                              {pd product} {ergonomic}
    uintx ReservedCodeCacheSize                    = 251658240                              {pd product} {ergonomic}
     bool SegmentedCodeCache                       = true                                      {product} {ergonomic}
   size_t SoftMaxHeapSize                          = 2147483648                             {manageable} {ergonomic}
     bool UseCompressedClassPointers               = true                           {product lp64_product} {ergonomic}
     bool UseCompressedOops                        = true                           {product lp64_product} {ergonomic}
     bool UseG1GC                                  = true                                      {product} {ergonomic}
     bool UseLargePagesIndividualAllocation        = false                                  {pd product} {ergonomic}

Logging:
Log output configuration:
 #0: stdout all=warning uptime,level,tags
 #1: stderr all=off uptime,level,tags

Environment Variables:
JAVA_HOME=C:\Program Files\Java\jdk1.8.0_301
CLASSPATH=.;C:\Program Files\Java\jdk1.8.0_301\lib\dt.jar;C:\Program Files\Java\jdk1.8.0_301\lib\tools.jar;
PATH=D:\Program Files (x86)\VMware\VMware Player\bin\;D:\Program Files\python3.10\Scripts\;D:\Program Files\python3.10\;C:\Python310\Scripts\;C:\Python310\;C:\Program Files (x86)\Common Files\Oracle\Java\javapath;C:\Windows\system32;C:\Windows;C:\Windows\System32\Wbem;C:\Windows\System32\WindowsPowerShell\v1.0\;C:\Windows\System32\OpenSSH\;C:\Program Files (x86)\NVIDIA Corporation\PhysX\Common;C:\Program Files\NVIDIA Corporation\NVIDIA NvDLISR;C:\Program Files\Java\jdk1.8.0_301\bin;D:\Program Files\Git\cmd;D:\Program Files\mysql-8.0.26-winx64\bin;D:\ProgramData\Anaconda3\Scripts;D:\ProgramData\Anaconda3\Library\bin;C:\Program Files\nodejs\;C:\ProgramData\chocolatey\bin;C:\Program Files\Microsoft SQL Server\150\Tools\Binn\;C:\Program Files\Microsoft SQL Server\Client SDK\ODBC\170\Tools\Binn\;C:\Program Files\dotnet\;D:\WorkSpace\apache-maven-3.8.4\bin;D:\Program Files (x86)\NetSarang\Xshell 7\;D:\Program Files (x86)\NetSarang\Xftp 7\;C:\Program Files\nodejs\node_modules\npm;C:\Program Files\Java\jdk1.8.0_301\jre\bin;C:\Users\Slot\AppData\Local\Android\Sdk\platform-tools;C:\Users\Slot\AppData\Local\Android\Sdk\tools;D:\texlive\2022\bin\win32;C:\Users\Slot\AppData\Local\Android\Sdk\platform-tools;C:\Users\Slot\AppData\Local\Android\Sdk\tools;D:\Program Files\CMake\bin;C:\MinGW\bin;C:\Users\Slot\AppData\Local\Pub\Cache\bin;D:\Program Files\MATLAB\R2023a\bin;C:\Program Files\Pandoc\;D:\fvm\versions\3.10.3\flutter\bin;;D:\Program Files (x86)\EasyShare\x86\;D:\Program Files (x86)\EasyShare\x64\;D:\Program Files\Conan\conan;C:\Users\Slot\AppData\Local\Microsoft\WindowsApps;D:\Program Files\Microsoft VS Code\bin;C:\Users\Slot\AppData\Roaming\npm;C:\Users\Slot\.dotnet\tools;D:\Program Files (x86)\miktex\miktex\bin\x64\;D:\texlive\2022\bin\win32;C:\Users\Slot\AppData\Local\JetBrains\Toolbox\scripts;%USERPROFILE%\.dotnet\tools;D:\Program Files (x86)\Tencent\QQGameTempest\Hall.57915\
USERNAME=Slot
OS=Windows_NT
PROCESSOR_IDENTIFIER=AMD64 Family 25 Model 33 Stepping 0, AuthenticAMD
TMP=C:\Users\Slot\AppData\Local\Temp
TEMP=C:\Users\Slot\AppData\Local\Temp


JNI global refs:
JNI global refs: 26, weak refs: 1

JNI global refs memory usage: 843, weak refs: 841

OOME stack traces (most recent first):
Classloader memory used:
Loader org.gradle.internal.classloader.VisitableURLClassLoader                         : 3680K
Loader bootstrap                                                                       : 2411K
Loader org.gradle.initialization.MixInLegacyTypesClassLoader                           : 717K
Loader org.gradle.internal.classloader.VisitableURLClassLoader$InstrumentingVisitableURLClassLoader: 82133B
Loader jdk.internal.loader.ClassLoaders$PlatformClassLoader                            : 67146B
Loader org.gradle.internal.classloader.VisitableURLClassLoader                         : 54448B
Loader jdk.internal.loader.ClassLoaders$AppClassLoader                                 : 28117B
Loader jdk.internal.reflect.DelegatingClassLoader                                      : 26306B
Loader org.gradle.groovy.scripts.internal.DefaultScriptCompilationHandler$ScriptClassLoader: 14739B
Loader org.codehaus.groovy.runtime.callsite.CallSiteClassLoader                        : 5774B
Loader groovy.lang.GroovyClassLoader$InnerLoader                                       : 4221B

Classes loaded by more than one classloader:
Class org.gradle.api.GradleException                                                  : loaded 3 times (x 80B)
Class org.gradle.util.GradleVersion                                                   : loaded 2 times (x 81B)
Class org.jetbrains.plugins.gradle.model.MavenRepositoryModel                         : loaded 2 times (x 68B)
Class org.gradle.internal.classpath.ClassPath                                         : loaded 2 times (x 68B)
Class org.gradle.api.internal.classpath.DefaultModuleRegistry                         : loaded 2 times (x 84B)
Class org.gradle.internal.exceptions.NonGradleCauseExceptionsHolder                   : loaded 2 times (x 68B)
Class com.intellij.openapi.externalSystem.model.ExternalSystemException               : loaded 2 times (x 84B)
Class org.gradle.api.Action                                                           : loaded 2 times (x 68B)
Class sync_studio_tooling_8faki7n242cq7fw8y1nw5hh1c$_run_closure1                     : loaded 2 times (x 137B)
Class org.jetbrains.plugins.gradle.model.ExternalProject                              : loaded 2 times (x 68B)
Class org.gradle.api.internal.DefaultClassPathProvider                                : loaded 2 times (x 74B)
Class org.gradle.internal.installation.GradleInstallation$1                           : loaded 2 times (x 73B)
Class org.gradle.internal.exceptions.DefaultMultiCauseException                       : loaded 2 times (x 89B)
Class org.gradle.internal.time.MonotonicClock                                         : loaded 2 times (x 75B)
Class org.gradle.internal.classloader.FilteringClassLoader                            : loaded 2 times (x 103B)
Class org.gradle.tooling.model.Model                                                  : loaded 2 times (x 68B)
Class org.gradle.internal.classpath.DefaultClassPath$ImmutableUniqueList$Builder      : loaded 2 times (x 73B)
Class org.gradle.internal.classloader.ClassLoaderVisitor                              : loaded 2 times (x 74B)
Class org.gradle.internal.time.DefaultCountdownTimer                                  : loaded 2 times (x 86B)
Class org.gradle.internal.service.DefaultServiceLocator                               : loaded 2 times (x 81B)
Class org.gradle.internal.service.UnknownServiceException                             : loaded 2 times (x 81B)
Class org.gradle.internal.classloader.DefaultClassLoaderFactory                       : loaded 2 times (x 80B)
Class org.gradle.internal.classloader.VisitableURLClassLoader$Spec                    : loaded 2 times (x 72B)
Class org.gradle.tooling.model.ProjectModel                                           : loaded 2 times (x 68B)
Class org.gradle.internal.installation.GradleInstallation                             : loaded 2 times (x 73B)
Class org.gradle.api.internal.classpath.ModuleRegistry                                : loaded 2 times (x 68B)
Class org.jetbrains.plugins.gradle.model.RepositoriesModel                            : loaded 2 times (x 68B)
Class org.gradle.api.internal.ClassPathProvider                                       : loaded 2 times (x 68B)
Class org.gradle.internal.classloader.ClasspathUtil$1                                 : loaded 2 times (x 74B)
Class org.gradle.internal.classloader.ClassLoaderFactory                              : loaded 2 times (x 68B)
Class org.gradle.api.internal.classpath.ManifestUtil                                  : loaded 2 times (x 69B)
Class org.gradle.api.specs.Spec                                                       : loaded 2 times (x 68B)
Class org.gradle.internal.IoActions                                                   : loaded 2 times (x 69B)
Class org.gradle.api.internal.classpath.EffectiveClassPath                            : loaded 2 times (x 88B)
Class org.gradle.internal.installation.CurrentGradleInstallation                      : loaded 2 times (x 71B)
Class org.gradle.internal.agents.InstrumentingClassLoader                             : loaded 2 times (x 68B)
Class org.gradle.internal.installation.CurrentGradleInstallationLocator               : loaded 2 times (x 69B)
Class org.gradle.api.internal.classpath.Module                                        : loaded 2 times (x 68B)
Class org.gradle.internal.service.CachingServiceLocator                               : loaded 2 times (x 80B)
Class org.gradle.internal.time.Timer                                                  : loaded 2 times (x 68B)
Class org.gradle.internal.classpath.DefaultClassPath                                  : loaded 2 times (x 88B)
Class sync_studio_tooling_8faki7n242cq7fw8y1nw5hh1c                                   : loaded 2 times (x 177B)
Class org.gradle.internal.time.Time                                                   : loaded 2 times (x 69B)
Class org.gradle.internal.time.TimeSource$1                                           : loaded 2 times (x 75B)
Class org.gradle.internal.classloader.SystemClassLoaderSpec                           : loaded 2 times (x 69B)
Class kotlin.Function                                                                 : loaded 2 times (x 68B)
Class org.gradle.api.UncheckedIOException                                             : loaded 2 times (x 80B)
Class ijInit1_296cp64j49l430qfjiol5ecjs                                               : loaded 2 times (x 177B)
Class org.gradle.internal.time.CountdownTimer                                         : loaded 2 times (x 68B)
Class org.gradle.internal.time.Clock                                                  : loaded 2 times (x 68B)
Class org.gradle.internal.classloader.ClasspathUtil                                   : loaded 2 times (x 69B)
Class org.gradle.api.internal.DefaultClassPathRegistry                                : loaded 2 times (x 74B)
Class org.gradle.api.internal.classpath.DefaultModuleRegistry$DefaultModule           : loaded 2 times (x 84B)
Class org.gradle.internal.time.TimeSource                                             : loaded 2 times (x 68B)
Class org.gradle.api.internal.classpath.UnknownModuleException                        : loaded 2 times (x 80B)
Class org.gradle.internal.service.ServiceLookupException                              : loaded 2 times (x 80B)
Class org.gradle.cache.GlobalCache                                                    : loaded 2 times (x 68B)
Class [Lorg.gradle.api.internal.ClassPathProvider;                                    : loaded 2 times (x 67B)
Class org.gradle.internal.operations.MultipleBuildOperationFailures                   : loaded 2 times (x 89B)
Class org.gradle.util.internal.GUtil                                                  : loaded 2 times (x 69B)
Class org.gradle.internal.classloader.ClassLoaderSpec                                 : loaded 2 times (x 69B)
Class org.gradle.internal.classloader.VisitableURLClassLoader                         : loaded 2 times (x 115B)
Class org.gradle.internal.Cast                                                        : loaded 2 times (x 69B)
Class org.gradle.api.internal.ClassPathRegistry                                       : loaded 2 times (x 68B)
Class org.gradle.internal.classloader.VisitableURLClassLoader$InstrumentingVisitableURLClassLoader: loaded 2 times (x 121B)
Class org.gradle.internal.classloader.ClassLoaderHierarchy                            : loaded 2 times (x 68B)
Class org.gradle.internal.exceptions.MultiCauseException                              : loaded 2 times (x 68B)
Class org.gradle.internal.InternalTransformer                                         : loaded 2 times (x 68B)
Class org.gradle.internal.service.ServiceLocator                                      : loaded 2 times (x 68B)
Class org.gradle.internal.classpath.DefaultClassPath$ImmutableUniqueList              : loaded 2 times (x 159B)
Class org.gradle.internal.time.DefaultTimer                                           : loaded 2 times (x 78B)
Class org.gradle.internal.classpath.TransformedClassPath                              : loaded 2 times (x 94B)


---------------  S Y S T E M  ---------------

OS:
 Windows 10 , 64 bit Build 19041 (10.0.19041.3570)
OS uptime: 0 days 23:13 hours

CPU: total 12 (initial active 12) (12 cores per cpu, 2 threads per core) family 25 model 33 stepping 0 microcode 0x0, cx8, cmov, fxsr, ht, mmx, 3dnowpref, sse, sse2, sse3, ssse3, sse4a, sse4.1, sse4.2, popcnt, lzcnt, tsc, tscinvbit, avx, avx2, aes, erms, clmul, bmi1, bmi2, adx, sha, fma, vzeroupper, clflush, clflushopt
Processor Information for all 12 processors :
  Max Mhz: 3701, Current Mhz: 3701, Mhz Limit: 3701

Memory: 4k page, system-wide physical 32654M (23415M free)
TotalPageFile size 40923M (AvailPageFile size 23709M)
current process WorkingSet (physical memory assigned to process): 374M, peak: 382M
current process commit charge ("private bytes"): 412M, peak: 676M

vm_info: OpenJDK 64-Bit Server VM (17.0.8+0--10799086) for windows-amd64 JRE (17.0.8+0--10799086), built on Sep 13 2023 00:06:58 by "androidbuild" with MS VC++ 16.10 / 16.11 (VS2019)

END.
